 -- G4VIS_USE is set 

*************************************************************
 Geant4 version Name: geant4-09-06-patch-02    (17-May-2013)
                      Copyright : Geant4 Collaboration
                      Reference : NIM A 506 (2003), 250-303
                            WWW : http://cern.ch/geant4
*************************************************************

-- Running version 1 model 6
[DetectorConstruction] starting v_HGCALEE_v6
 -- End of sampling section initialisation. Input 2 elements, constructing 2 elements with 0 sensitive elements.
 -- End of sampling section initialisation. Input 11 elements, constructing 10 elements with 3 sensitive elements.
 -- End of sampling section initialisation. Input 9 elements, constructing 8 elements with 3 sensitive elements.
 -- End of sampling section initialisation. Input 11 elements, constructing 10 elements with 3 sensitive elements.
 -- End of sampling section initialisation. Input 9 elements, constructing 8 elements with 3 sensitive elements.
 -- End of sampling section initialisation. Input 11 elements, constructing 10 elements with 3 sensitive elements.
 -- End of sampling section initialisation. Input 9 elements, constructing 8 elements with 3 sensitive elements.
 -- End of sampling section initialisation. Input 11 elements, constructing 10 elements with 3 sensitive elements.
 -- End of sampling section initialisation. Input 9 elements, constructing 8 elements with 3 sensitive elements.
 -- End of sampling section initialisation. Input 11 elements, constructing 10 elements with 3 sensitive elements.
 -- End of sampling section initialisation. Input 9 elements, constructing 8 elements with 3 sensitive elements.
 -- End of sampling section initialisation. Input 11 elements, constructing 10 elements with 3 sensitive elements.
 -- End of sampling section initialisation. Input 9 elements, constructing 8 elements with 3 sensitive elements.
 -- End of sampling section initialisation. Input 11 elements, constructing 10 elements with 3 sensitive elements.
 -- End of sampling section initialisation. Input 9 elements, constructing 8 elements with 3 sensitive elements.
 -- End of sampling section initialisation. Input 11 elements, constructing 10 elements with 3 sensitive elements.
 -- End of sampling section initialisation. Input 9 elements, constructing 8 elements with 3 sensitive elements.
 -- End of sampling section initialisation. Input 11 elements, constructing 10 elements with 3 sensitive elements.
 -- End of sampling section initialisation. Input 9 elements, constructing 8 elements with 3 sensitive elements.
 -- End of sampling section initialisation. Input 11 elements, constructing 10 elements with 3 sensitive elements.
 -- End of sampling section initialisation. Input 9 elements, constructing 8 elements with 3 sensitive elements.
 -- End of sampling section initialisation. Input 11 elements, constructing 10 elements with 3 sensitive elements.
 -- End of sampling section initialisation. Input 9 elements, constructing 8 elements with 3 sensitive elements.
 -- End of sampling section initialisation. Input 11 elements, constructing 10 elements with 3 sensitive elements.
 -- End of sampling section initialisation. Input 9 elements, constructing 8 elements with 3 sensitive elements.
 -- End of sampling section initialisation. Input 11 elements, constructing 10 elements with 3 sensitive elements.
 -- End of sampling section initialisation. Input 9 elements, constructing 8 elements with 3 sensitive elements.
 Material: Scintillator    density:  1.032 g/cm3   RadL:  42.538 cm   Nucl.Int.Length:  70.134 cm   Imean:  64.749 eV 
   --->  Element: C (C)   Z =  6.0   N =  12.0   A =  12.01 g/mole
         --->  Isotope:   C12   Z =  6   N =  12   A =  12.00 g/mole   abundance:  98.93 %
         --->  Isotope:   C13   Z =  6   N =  13   A =  13.00 g/mole   abundance:   1.07 %
          ElmMassFraction:  91.51 %  ElmAbundance  47.50 % 

   --->  Element: H (H)   Z =  1.0   N =   1.0   A =   1.01 g/mole
         --->  Isotope:    H1   Z =  1   N =   1   A =   1.01 g/mole   abundance:  99.99 %
         --->  Isotope:    H2   Z =  1   N =   2   A =   2.01 g/mole   abundance:   0.01 %
          ElmMassFraction:   8.49 %  ElmAbundance  52.50 % 


-----------------------------------------------------------
      Magnetic field
-----------------------------------------------------------
 ---> Reading the field grid from b18d36.dat ... 
Number of lines in data file: 301
Resized arrays successfully.
Array size [x]: 52
Array size [y]: 52
Array size [z]: 602

 ---> ... done reading 
 ---> assumed the order:  x, y, z, Bx, By, Bz 
 ---> Min values x,y,z: -27 -27 -149.5 cm 
 ---> Max values x,y,z: 27 27 149.5 cm 
 ---> The field will be offset by -4.42248 cm 

After reordering if neccesary
 ---> Min values x,y,z: -27 -27 -149.5 cm  
 ---> Max values x,y,z: 27 27 149.5 cm 
 ---> Dif values x,y,z (range): 54 54 299 cm in z 
-----------------------------------------------------------
[DetectorConstruction][UpdateCalorSize] Z x XY = 489.35 x 0 mm , nsectors = 1
<<< Geant4 Physics List simulation engine: QGSP_BERT 4.0

 -- Gun position set to: 0,0,-269.143
 -- check Info: version = 1 model = 6
 -- Initialising HoneyComb with parameters: 
 ---- (xstart,ystart) = (-2.2968,-3.97817), side = 4.5936, nx = 4, ny=1
 -- Check geomMap: size = 2
 -- Initialising squareMap with parameters: 
 ---- xymin = -0, side = 10, nx = 0, ny=0
 -- Check geomMap: size = 0
m_WorldSizeXY = 0, m_WorldSizeZ = 538.285
************ W layer 0 dEdx=2.21 X0=3.50418 L0=103.057 zpos=0mm w=0.3504mm TotX0=0.0999949 TotLambda=0.00340007
************ G4_Galactic layer 0 dEdx=0 X0=6.30435e+27 L0=3.52779e+27 zpos=0.3504mm w=200mm TotX0=0.0999949 TotLambda=0.00340007
************ Cu layer 1 dEdx=1.257 X0=14.3558 L0=155.141 zpos=200.35mm w=0.5mm TotX0=0.134824 TotLambda=0.00662295
************ CFMix layer 1 dEdx=0 X0=498.277 L0=909.149 zpos=200.85mm w=0.5mm TotX0=0.135827 TotLambda=0.00717292
************ W layer 1 dEdx=2.21 X0=3.50418 L0=103.057 zpos=201.35mm w=2mm TotX0=0.706574 TotLambda=0.0265797
************ CFMix layer 1 dEdx=0 X0=498.277 L0=909.149 zpos=203.35mm w=0.5mm TotX0=0.707578 TotLambda=0.0271297
************ Cu layer 1 dEdx=1.257 X0=14.3558 L0=155.141 zpos=203.85mm w=0.5mm TotX0=0.742407 TotLambda=0.0303526
************ Air layer 1 dEdx=0 X0=303921 L0=710261 zpos=204.35mm w=2mm TotX0=0.742414 TotLambda=0.0303554
************ PCB layer 1 dEdx=0 X0=175.049 L0=484.239 zpos=206.35mm w=2mm TotX0=0.753839 TotLambda=0.0344856
************ Si layer 1 dEdx=0.3876 X0=93.6607 L0=457.531 zpos=208.35mm w=0.1mm TotX0=0.754907 TotLambda=0.0347041
************ Si layer 1 dEdx=0.3876 X0=93.6607 L0=457.531 zpos=208.45mm w=0.1mm TotX0=0.755974 TotLambda=0.0349227
************ Si layer 1 dEdx=0.3876 X0=93.6607 L0=457.531 zpos=208.55mm w=0.1mm TotX0=0.757042 TotLambda=0.0351413
************ WCu layer 2 dEdx=1.97175 X0=5.1223 L0=119.873 zpos=208.65mm w=0.6mm TotX0=0.874177 TotLambda=0.0401466
************ Cu layer 2 dEdx=1.257 X0=14.3558 L0=155.141 zpos=209.25mm w=6mm TotX0=1.29213 TotLambda=0.0788211
************ WCu layer 2 dEdx=1.97175 X0=5.1223 L0=119.873 zpos=215.25mm w=0.6mm TotX0=1.40926 TotLambda=0.0838264
************ Si layer 2 dEdx=0.3876 X0=93.6607 L0=457.531 zpos=215.85mm w=0.1mm TotX0=1.41033 TotLambda=0.084045
************ Si layer 2 dEdx=0.3876 X0=93.6607 L0=457.531 zpos=215.95mm w=0.1mm TotX0=1.4114 TotLambda=0.0842635
************ Si layer 2 dEdx=0.3876 X0=93.6607 L0=457.531 zpos=216.05mm w=0.1mm TotX0=1.41246 TotLambda=0.0844821
************ PCB layer 2 dEdx=0 X0=175.049 L0=484.239 zpos=216.15mm w=2mm TotX0=1.42389 TotLambda=0.0886123
************ Air layer 2 dEdx=0 X0=303921 L0=710261 zpos=218.15mm w=2mm TotX0=1.4239 TotLambda=0.0886151
************ Cu layer 3 dEdx=1.257 X0=14.3558 L0=155.141 zpos=220.15mm w=0.5mm TotX0=1.45873 TotLambda=0.091838
************ CFMix layer 3 dEdx=0 X0=498.277 L0=909.149 zpos=220.65mm w=0.5mm TotX0=1.45973 TotLambda=0.092388
************ W layer 3 dEdx=2.21 X0=3.50418 L0=103.057 zpos=221.15mm w=2mm TotX0=2.03048 TotLambda=0.111795
************ CFMix layer 3 dEdx=0 X0=498.277 L0=909.149 zpos=223.15mm w=0.5mm TotX0=2.03148 TotLambda=0.112345
************ Cu layer 3 dEdx=1.257 X0=14.3558 L0=155.141 zpos=223.65mm w=0.5mm TotX0=2.06631 TotLambda=0.115568
************ Air layer 3 dEdx=0 X0=303921 L0=710261 zpos=224.15mm w=2mm TotX0=2.06632 TotLambda=0.11557
************ PCB layer 3 dEdx=0 X0=175.049 L0=484.239 zpos=226.15mm w=2mm TotX0=2.07774 TotLambda=0.119701
************ Si layer 3 dEdx=0.3876 X0=93.6607 L0=457.531 zpos=228.15mm w=0.1mm TotX0=2.07881 TotLambda=0.119919
************ Si layer 3 dEdx=0.3876 X0=93.6607 L0=457.531 zpos=228.25mm w=0.1mm TotX0=2.07988 TotLambda=0.120138
************ Si layer 3 dEdx=0.3876 X0=93.6607 L0=457.531 zpos=228.35mm w=0.1mm TotX0=2.08094 TotLambda=0.120356
************ WCu layer 4 dEdx=1.97175 X0=5.1223 L0=119.873 zpos=228.45mm w=0.6mm TotX0=2.19808 TotLambda=0.125362
************ Cu layer 4 dEdx=1.257 X0=14.3558 L0=155.141 zpos=229.05mm w=6mm TotX0=2.61603 TotLambda=0.164036
************ WCu layer 4 dEdx=1.97175 X0=5.1223 L0=119.873 zpos=235.05mm w=0.6mm TotX0=2.73316 TotLambda=0.169041
************ Si layer 4 dEdx=0.3876 X0=93.6607 L0=457.531 zpos=235.65mm w=0.1mm TotX0=2.73423 TotLambda=0.16926
************ Si layer 4 dEdx=0.3876 X0=93.6607 L0=457.531 zpos=235.75mm w=0.1mm TotX0=2.7353 TotLambda=0.169479
************ Si layer 4 dEdx=0.3876 X0=93.6607 L0=457.531 zpos=235.85mm w=0.1mm TotX0=2.73637 TotLambda=0.169697
************ PCB layer 4 dEdx=0 X0=175.049 L0=484.239 zpos=235.95mm w=2mm TotX0=2.74779 TotLambda=0.173827
************ Air layer 4 dEdx=0 X0=303921 L0=710261 zpos=237.95mm w=2mm TotX0=2.7478 TotLambda=0.17383
************ Cu layer 5 dEdx=1.257 X0=14.3558 L0=155.141 zpos=239.95mm w=0.5mm TotX0=2.78263 TotLambda=0.177053
************ CFMix layer 5 dEdx=0 X0=498.277 L0=909.149 zpos=240.45mm w=0.5mm TotX0=2.78363 TotLambda=0.177603
************ W layer 5 dEdx=2.21 X0=3.50418 L0=103.057 zpos=240.95mm w=2mm TotX0=3.35438 TotLambda=0.19701
************ CFMix layer 5 dEdx=0 X0=498.277 L0=909.149 zpos=242.95mm w=0.5mm TotX0=3.35538 TotLambda=0.19756
************ Cu layer 5 dEdx=1.257 X0=14.3558 L0=155.141 zpos=243.45mm w=0.5mm TotX0=3.39021 TotLambda=0.200783
************ Air layer 5 dEdx=0 X0=303921 L0=710261 zpos=243.95mm w=2mm TotX0=3.39022 TotLambda=0.200785
************ PCB layer 5 dEdx=0 X0=175.049 L0=484.239 zpos=245.95mm w=2mm TotX0=3.40164 TotLambda=0.204916
************ Si layer 5 dEdx=0.3876 X0=93.6607 L0=457.531 zpos=247.95mm w=0.1mm TotX0=3.40271 TotLambda=0.205134
************ Si layer 5 dEdx=0.3876 X0=93.6607 L0=457.531 zpos=248.05mm w=0.1mm TotX0=3.40378 TotLambda=0.205353
************ Si layer 5 dEdx=0.3876 X0=93.6607 L0=457.531 zpos=248.15mm w=0.1mm TotX0=3.40485 TotLambda=0.205571
************ WCu layer 6 dEdx=1.97175 X0=5.1223 L0=119.873 zpos=248.25mm w=0.6mm TotX0=3.52198 TotLambda=0.210577
************ Cu layer 6 dEdx=1.257 X0=14.3558 L0=155.141 zpos=248.85mm w=6mm TotX0=3.93993 TotLambda=0.249251
************ WCu layer 6 dEdx=1.97175 X0=5.1223 L0=119.873 zpos=254.85mm w=0.6mm TotX0=4.05707 TotLambda=0.254257
************ Si layer 6 dEdx=0.3876 X0=93.6607 L0=457.531 zpos=255.45mm w=0.1mm TotX0=4.05813 TotLambda=0.254475
************ Si layer 6 dEdx=0.3876 X0=93.6607 L0=457.531 zpos=255.55mm w=0.1mm TotX0=4.0592 TotLambda=0.254694
************ Si layer 6 dEdx=0.3876 X0=93.6607 L0=457.531 zpos=255.65mm w=0.1mm TotX0=4.06027 TotLambda=0.254912
************ PCB layer 6 dEdx=0 X0=175.049 L0=484.239 zpos=255.75mm w=2mm TotX0=4.07169 TotLambda=0.259042
************ Air layer 6 dEdx=0 X0=303921 L0=710261 zpos=257.75mm w=2mm TotX0=4.0717 TotLambda=0.259045
************ Cu layer 7 dEdx=1.257 X0=14.3558 L0=155.141 zpos=259.75mm w=0.5mm TotX0=4.10653 TotLambda=0.262268
************ CFMix layer 7 dEdx=0 X0=498.277 L0=909.149 zpos=260.25mm w=0.5mm TotX0=4.10753 TotLambda=0.262818
************ W layer 7 dEdx=2.21 X0=3.50418 L0=103.057 zpos=260.75mm w=2mm TotX0=4.67828 TotLambda=0.282225
************ CFMix layer 7 dEdx=0 X0=498.277 L0=909.149 zpos=262.75mm w=0.5mm TotX0=4.67928 TotLambda=0.282775
************ Cu layer 7 dEdx=1.257 X0=14.3558 L0=155.141 zpos=263.25mm w=0.5mm TotX0=4.71411 TotLambda=0.285998
************ Air layer 7 dEdx=0 X0=303921 L0=710261 zpos=263.75mm w=2mm TotX0=4.71412 TotLambda=0.286001
************ PCB layer 7 dEdx=0 X0=175.049 L0=484.239 zpos=265.75mm w=2mm TotX0=4.72554 TotLambda=0.290131
************ Si layer 7 dEdx=0.3876 X0=93.6607 L0=457.531 zpos=267.75mm w=0.1mm TotX0=4.72661 TotLambda=0.290349
************ Si layer 7 dEdx=0.3876 X0=93.6607 L0=457.531 zpos=267.85mm w=0.1mm TotX0=4.72768 TotLambda=0.290568
************ Si layer 7 dEdx=0.3876 X0=93.6607 L0=457.531 zpos=267.95mm w=0.1mm TotX0=4.72875 TotLambda=0.290786
************ WCu layer 8 dEdx=1.97175 X0=5.1223 L0=119.873 zpos=268.05mm w=0.6mm TotX0=4.84588 TotLambda=0.295792
************ Cu layer 8 dEdx=1.257 X0=14.3558 L0=155.141 zpos=268.65mm w=6mm TotX0=5.26383 TotLambda=0.334466
************ WCu layer 8 dEdx=1.97175 X0=5.1223 L0=119.873 zpos=274.65mm w=0.6mm TotX0=5.38097 TotLambda=0.339472
************ Si layer 8 dEdx=0.3876 X0=93.6607 L0=457.531 zpos=275.25mm w=0.1mm TotX0=5.38204 TotLambda=0.33969
************ Si layer 8 dEdx=0.3876 X0=93.6607 L0=457.531 zpos=275.35mm w=0.1mm TotX0=5.3831 TotLambda=0.339909
************ Si layer 8 dEdx=0.3876 X0=93.6607 L0=457.531 zpos=275.45mm w=0.1mm TotX0=5.38417 TotLambda=0.340127
************ PCB layer 8 dEdx=0 X0=175.049 L0=484.239 zpos=275.55mm w=2mm TotX0=5.3956 TotLambda=0.344257
************ Air layer 8 dEdx=0 X0=303921 L0=710261 zpos=277.55mm w=2mm TotX0=5.3956 TotLambda=0.34426
************ Cu layer 9 dEdx=1.257 X0=14.3558 L0=155.141 zpos=279.55mm w=0.5mm TotX0=5.43043 TotLambda=0.347483
************ CFMix layer 9 dEdx=0 X0=498.277 L0=909.149 zpos=280.05mm w=0.5mm TotX0=5.43144 TotLambda=0.348033
************ W layer 9 dEdx=2.21 X0=3.50418 L0=103.057 zpos=280.55mm w=2.8mm TotX0=6.23048 TotLambda=0.375203
************ CFMix layer 9 dEdx=0 X0=498.277 L0=909.149 zpos=283.35mm w=0.5mm TotX0=6.23148 TotLambda=0.375753
************ Cu layer 9 dEdx=1.257 X0=14.3558 L0=155.141 zpos=283.85mm w=0.5mm TotX0=6.26631 TotLambda=0.378975
************ Air layer 9 dEdx=0 X0=303921 L0=710261 zpos=284.35mm w=2mm TotX0=6.26632 TotLambda=0.378978
************ PCB layer 9 dEdx=0 X0=175.049 L0=484.239 zpos=286.35mm w=2mm TotX0=6.27775 TotLambda=0.383108
************ Si layer 9 dEdx=0.3876 X0=93.6607 L0=457.531 zpos=288.35mm w=0.1mm TotX0=6.27881 TotLambda=0.383327
************ Si layer 9 dEdx=0.3876 X0=93.6607 L0=457.531 zpos=288.45mm w=0.1mm TotX0=6.27988 TotLambda=0.383546
************ Si layer 9 dEdx=0.3876 X0=93.6607 L0=457.531 zpos=288.55mm w=0.1mm TotX0=6.28095 TotLambda=0.383764
************ WCu layer 10 dEdx=1.97175 X0=5.1223 L0=119.873 zpos=288.65mm w=1.2mm TotX0=6.51522 TotLambda=0.393775
************ Cu layer 10 dEdx=1.257 X0=14.3558 L0=155.141 zpos=289.85mm w=6mm TotX0=6.93317 TotLambda=0.432449
************ WCu layer 10 dEdx=1.97175 X0=5.1223 L0=119.873 zpos=295.85mm w=1.2mm TotX0=7.16744 TotLambda=0.44246
************ Si layer 10 dEdx=0.3876 X0=93.6607 L0=457.531 zpos=297.05mm w=0.1mm TotX0=7.16851 TotLambda=0.442678
************ Si layer 10 dEdx=0.3876 X0=93.6607 L0=457.531 zpos=297.15mm w=0.1mm TotX0=7.16957 TotLambda=0.442897
************ Si layer 10 dEdx=0.3876 X0=93.6607 L0=457.531 zpos=297.25mm w=0.1mm TotX0=7.17064 TotLambda=0.443116
************ PCB layer 10 dEdx=0 X0=175.049 L0=484.239 zpos=297.35mm w=2mm TotX0=7.18207 TotLambda=0.447246
************ Air layer 10 dEdx=0 X0=303921 L0=710261 zpos=299.35mm w=2mm TotX0=7.18207 TotLambda=0.447249
************ Cu layer 11 dEdx=1.257 X0=14.3558 L0=155.141 zpos=301.35mm w=0.5mm TotX0=7.2169 TotLambda=0.450471
************ CFMix layer 11 dEdx=0 X0=498.277 L0=909.149 zpos=301.85mm w=0.5mm TotX0=7.21791 TotLambda=0.451021
************ W layer 11 dEdx=2.21 X0=3.50418 L0=103.057 zpos=302.35mm w=2.8mm TotX0=8.01695 TotLambda=0.478191
************ CFMix layer 11 dEdx=0 X0=498.277 L0=909.149 zpos=305.15mm w=0.5mm TotX0=8.01796 TotLambda=0.478741
************ Cu layer 11 dEdx=1.257 X0=14.3558 L0=155.141 zpos=305.65mm w=0.5mm TotX0=8.05278 TotLambda=0.481964
************ Air layer 11 dEdx=0 X0=303921 L0=710261 zpos=306.15mm w=2mm TotX0=8.05279 TotLambda=0.481967
************ PCB layer 11 dEdx=0 X0=175.049 L0=484.239 zpos=308.15mm w=2mm TotX0=8.06422 TotLambda=0.486097
************ Si layer 11 dEdx=0.3876 X0=93.6607 L0=457.531 zpos=310.15mm w=0.1mm TotX0=8.06528 TotLambda=0.486315
************ Si layer 11 dEdx=0.3876 X0=93.6607 L0=457.531 zpos=310.25mm w=0.1mm TotX0=8.06635 TotLambda=0.486534
************ Si layer 11 dEdx=0.3876 X0=93.6607 L0=457.531 zpos=310.35mm w=0.1mm TotX0=8.06742 TotLambda=0.486753
************ WCu layer 12 dEdx=1.97175 X0=5.1223 L0=119.873 zpos=310.45mm w=1.2mm TotX0=8.30169 TotLambda=0.496763
************ Cu layer 12 dEdx=1.257 X0=14.3558 L0=155.141 zpos=311.65mm w=6mm TotX0=8.71964 TotLambda=0.535438
************ WCu layer 12 dEdx=1.97175 X0=5.1223 L0=119.873 zpos=317.65mm w=1.2mm TotX0=8.95391 TotLambda=0.545448
************ Si layer 12 dEdx=0.3876 X0=93.6607 L0=457.531 zpos=318.85mm w=0.1mm TotX0=8.95498 TotLambda=0.545667
************ Si layer 12 dEdx=0.3876 X0=93.6607 L0=457.531 zpos=318.95mm w=0.1mm TotX0=8.95604 TotLambda=0.545885
************ Si layer 12 dEdx=0.3876 X0=93.6607 L0=457.531 zpos=319.05mm w=0.1mm TotX0=8.95711 TotLambda=0.546104
************ PCB layer 12 dEdx=0 X0=175.049 L0=484.239 zpos=319.15mm w=2mm TotX0=8.96854 TotLambda=0.550234
************ Air layer 12 dEdx=0 X0=303921 L0=710261 zpos=321.15mm w=2mm TotX0=8.96854 TotLambda=0.550237
************ Cu layer 13 dEdx=1.257 X0=14.3558 L0=155.141 zpos=323.15mm w=0.5mm TotX0=9.00337 TotLambda=0.55346
************ CFMix layer 13 dEdx=0 X0=498.277 L0=909.149 zpos=323.65mm w=0.5mm TotX0=9.00438 TotLambda=0.55401
************ W layer 13 dEdx=2.21 X0=3.50418 L0=103.057 zpos=324.15mm w=2.8mm TotX0=9.80342 TotLambda=0.581179
************ CFMix layer 13 dEdx=0 X0=498.277 L0=909.149 zpos=326.95mm w=0.5mm TotX0=9.80443 TotLambda=0.581729
************ Cu layer 13 dEdx=1.257 X0=14.3558 L0=155.141 zpos=327.45mm w=0.5mm TotX0=9.83925 TotLambda=0.584952
************ Air layer 13 dEdx=0 X0=303921 L0=710261 zpos=327.95mm w=2mm TotX0=9.83926 TotLambda=0.584955
************ PCB layer 13 dEdx=0 X0=175.049 L0=484.239 zpos=329.95mm w=2mm TotX0=9.85069 TotLambda=0.589085
************ Si layer 13 dEdx=0.3876 X0=93.6607 L0=457.531 zpos=331.95mm w=0.1mm TotX0=9.85175 TotLambda=0.589304
************ Si layer 13 dEdx=0.3876 X0=93.6607 L0=457.531 zpos=332.05mm w=0.1mm TotX0=9.85282 TotLambda=0.589522
************ Si layer 13 dEdx=0.3876 X0=93.6607 L0=457.531 zpos=332.15mm w=0.1mm TotX0=9.85389 TotLambda=0.589741
************ WCu layer 14 dEdx=1.97175 X0=5.1223 L0=119.873 zpos=332.25mm w=1.2mm TotX0=10.0882 TotLambda=0.599751
************ Cu layer 14 dEdx=1.257 X0=14.3558 L0=155.141 zpos=333.45mm w=6mm TotX0=10.5061 TotLambda=0.638426
************ WCu layer 14 dEdx=1.97175 X0=5.1223 L0=119.873 zpos=339.45mm w=1.2mm TotX0=10.7404 TotLambda=0.648437
************ Si layer 14 dEdx=0.3876 X0=93.6607 L0=457.531 zpos=340.65mm w=0.1mm TotX0=10.7414 TotLambda=0.648655
************ Si layer 14 dEdx=0.3876 X0=93.6607 L0=457.531 zpos=340.75mm w=0.1mm TotX0=10.7425 TotLambda=0.648874
************ Si layer 14 dEdx=0.3876 X0=93.6607 L0=457.531 zpos=340.85mm w=0.1mm TotX0=10.7436 TotLambda=0.649092
************ PCB layer 14 dEdx=0 X0=175.049 L0=484.239 zpos=340.95mm w=2mm TotX0=10.755 TotLambda=0.653222
************ Air layer 14 dEdx=0 X0=303921 L0=710261 zpos=342.95mm w=2mm TotX0=10.755 TotLambda=0.653225
************ Cu layer 15 dEdx=1.257 X0=14.3558 L0=155.141 zpos=344.95mm w=0.5mm TotX0=10.7898 TotLambda=0.656448
************ CFMix layer 15 dEdx=0 X0=498.277 L0=909.149 zpos=345.45mm w=0.5mm TotX0=10.7908 TotLambda=0.656998
************ W layer 15 dEdx=2.21 X0=3.50418 L0=103.057 zpos=345.95mm w=2.8mm TotX0=11.5899 TotLambda=0.684168
************ CFMix layer 15 dEdx=0 X0=498.277 L0=909.149 zpos=348.75mm w=0.5mm TotX0=11.5909 TotLambda=0.684718
************ Cu layer 15 dEdx=1.257 X0=14.3558 L0=155.141 zpos=349.25mm w=0.5mm TotX0=11.6257 TotLambda=0.687941
************ Air layer 15 dEdx=0 X0=303921 L0=710261 zpos=349.75mm w=2mm TotX0=11.6257 TotLambda=0.687943
************ PCB layer 15 dEdx=0 X0=175.049 L0=484.239 zpos=351.75mm w=2mm TotX0=11.6372 TotLambda=0.692074
************ Si layer 15 dEdx=0.3876 X0=93.6607 L0=457.531 zpos=353.75mm w=0.1mm TotX0=11.6382 TotLambda=0.692292
************ Si layer 15 dEdx=0.3876 X0=93.6607 L0=457.531 zpos=353.85mm w=0.1mm TotX0=11.6393 TotLambda=0.692511
************ Si layer 15 dEdx=0.3876 X0=93.6607 L0=457.531 zpos=353.95mm w=0.1mm TotX0=11.6404 TotLambda=0.692729
************ WCu layer 16 dEdx=1.97175 X0=5.1223 L0=119.873 zpos=354.05mm w=1.2mm TotX0=11.8746 TotLambda=0.70274
************ Cu layer 16 dEdx=1.257 X0=14.3558 L0=155.141 zpos=355.25mm w=6mm TotX0=12.2926 TotLambda=0.741414
************ WCu layer 16 dEdx=1.97175 X0=5.1223 L0=119.873 zpos=361.25mm w=1.2mm TotX0=12.5269 TotLambda=0.751425
************ Si layer 16 dEdx=0.3876 X0=93.6607 L0=457.531 zpos=362.45mm w=0.1mm TotX0=12.5279 TotLambda=0.751644
************ Si layer 16 dEdx=0.3876 X0=93.6607 L0=457.531 zpos=362.55mm w=0.1mm TotX0=12.529 TotLambda=0.751862
************ Si layer 16 dEdx=0.3876 X0=93.6607 L0=457.531 zpos=362.65mm w=0.1mm TotX0=12.5301 TotLambda=0.752081
************ PCB layer 16 dEdx=0 X0=175.049 L0=484.239 zpos=362.75mm w=2mm TotX0=12.5415 TotLambda=0.756211
************ Air layer 16 dEdx=0 X0=303921 L0=710261 zpos=364.75mm w=2mm TotX0=12.5415 TotLambda=0.756214
************ Cu layer 17 dEdx=1.257 X0=14.3558 L0=155.141 zpos=366.75mm w=0.5mm TotX0=12.5763 TotLambda=0.759437
************ CFMix layer 17 dEdx=0 X0=498.277 L0=909.149 zpos=367.25mm w=0.5mm TotX0=12.5773 TotLambda=0.759987
************ W layer 17 dEdx=2.21 X0=3.50418 L0=103.057 zpos=367.75mm w=2.8mm TotX0=13.3764 TotLambda=0.787156
************ CFMix layer 17 dEdx=0 X0=498.277 L0=909.149 zpos=370.55mm w=0.5mm TotX0=13.3774 TotLambda=0.787706
************ Cu layer 17 dEdx=1.257 X0=14.3558 L0=155.141 zpos=371.05mm w=0.5mm TotX0=13.4122 TotLambda=0.790929
************ Air layer 17 dEdx=0 X0=303921 L0=710261 zpos=371.55mm w=2mm TotX0=13.4122 TotLambda=0.790932
************ PCB layer 17 dEdx=0 X0=175.049 L0=484.239 zpos=373.55mm w=2mm TotX0=13.4236 TotLambda=0.795062
************ Si layer 17 dEdx=0.3876 X0=93.6607 L0=457.531 zpos=375.55mm w=0.1mm TotX0=13.4247 TotLambda=0.79528
************ Si layer 17 dEdx=0.3876 X0=93.6607 L0=457.531 zpos=375.65mm w=0.1mm TotX0=13.4258 TotLambda=0.795499
************ Si layer 17 dEdx=0.3876 X0=93.6607 L0=457.531 zpos=375.75mm w=0.1mm TotX0=13.4268 TotLambda=0.795718
************ WCu layer 18 dEdx=1.97175 X0=5.1223 L0=119.873 zpos=375.85mm w=1.2mm TotX0=13.6611 TotLambda=0.805728
************ Cu layer 18 dEdx=1.257 X0=14.3558 L0=155.141 zpos=377.05mm w=6mm TotX0=14.0791 TotLambda=0.844403
************ WCu layer 18 dEdx=1.97175 X0=5.1223 L0=119.873 zpos=383.05mm w=1.2mm TotX0=14.3133 TotLambda=0.854413
************ Si layer 18 dEdx=0.3876 X0=93.6607 L0=457.531 zpos=384.25mm w=0.1mm TotX0=14.3144 TotLambda=0.854632
************ Si layer 18 dEdx=0.3876 X0=93.6607 L0=457.531 zpos=384.35mm w=0.1mm TotX0=14.3155 TotLambda=0.85485
************ Si layer 18 dEdx=0.3876 X0=93.6607 L0=457.531 zpos=384.45mm w=0.1mm TotX0=14.3165 TotLambda=0.855069
************ PCB layer 18 dEdx=0 X0=175.049 L0=484.239 zpos=384.55mm w=2mm TotX0=14.3279 TotLambda=0.859199
************ Air layer 18 dEdx=0 X0=303921 L0=710261 zpos=386.55mm w=2mm TotX0=14.328 TotLambda=0.859202
************ Cu layer 19 dEdx=1.257 X0=14.3558 L0=155.141 zpos=388.55mm w=0.5mm TotX0=14.3628 TotLambda=0.862425
************ CFMix layer 19 dEdx=0 X0=498.277 L0=909.149 zpos=389.05mm w=0.5mm TotX0=14.3638 TotLambda=0.862975
************ W layer 19 dEdx=2.21 X0=3.50418 L0=103.057 zpos=389.55mm w=4.2mm TotX0=15.5624 TotLambda=0.903729
************ CFMix layer 19 dEdx=0 X0=498.277 L0=909.149 zpos=393.75mm w=0.5mm TotX0=15.5634 TotLambda=0.904279
************ Cu layer 19 dEdx=1.257 X0=14.3558 L0=155.141 zpos=394.25mm w=0.5mm TotX0=15.5982 TotLambda=0.907502
************ Air layer 19 dEdx=0 X0=303921 L0=710261 zpos=394.75mm w=2mm TotX0=15.5982 TotLambda=0.907505
************ PCB layer 19 dEdx=0 X0=175.049 L0=484.239 zpos=396.75mm w=2mm TotX0=15.6096 TotLambda=0.911635
************ Si layer 19 dEdx=0.3876 X0=93.6607 L0=457.531 zpos=398.75mm w=0.1mm TotX0=15.6107 TotLambda=0.911854
************ Si layer 19 dEdx=0.3876 X0=93.6607 L0=457.531 zpos=398.85mm w=0.1mm TotX0=15.6118 TotLambda=0.912072
************ Si layer 19 dEdx=0.3876 X0=93.6607 L0=457.531 zpos=398.95mm w=0.1mm TotX0=15.6128 TotLambda=0.912291
************ WCu layer 20 dEdx=1.97175 X0=5.1223 L0=119.873 zpos=399.05mm w=2.2mm TotX0=16.0423 TotLambda=0.930643
************ Cu layer 20 dEdx=1.257 X0=14.3558 L0=155.141 zpos=401.25mm w=6mm TotX0=16.4603 TotLambda=0.969318
************ WCu layer 20 dEdx=1.97175 X0=5.1223 L0=119.873 zpos=407.25mm w=2.2mm TotX0=16.8898 TotLambda=0.987671
************ Si layer 20 dEdx=0.3876 X0=93.6607 L0=457.531 zpos=409.45mm w=0.1mm TotX0=16.8908 TotLambda=0.987889
************ Si layer 20 dEdx=0.3876 X0=93.6607 L0=457.531 zpos=409.55mm w=0.1mm TotX0=16.8919 TotLambda=0.988108
************ Si layer 20 dEdx=0.3876 X0=93.6607 L0=457.531 zpos=409.65mm w=0.1mm TotX0=16.893 TotLambda=0.988326
************ PCB layer 20 dEdx=0 X0=175.049 L0=484.239 zpos=409.75mm w=2mm TotX0=16.9044 TotLambda=0.992457
************ Air layer 20 dEdx=0 X0=303921 L0=710261 zpos=411.75mm w=2mm TotX0=16.9044 TotLambda=0.992459
************ Cu layer 21 dEdx=1.257 X0=14.3558 L0=155.141 zpos=413.75mm w=0.5mm TotX0=16.9392 TotLambda=0.995682
************ CFMix layer 21 dEdx=0 X0=498.277 L0=909.149 zpos=414.25mm w=0.5mm TotX0=16.9402 TotLambda=0.996232
************ W layer 21 dEdx=2.21 X0=3.50418 L0=103.057 zpos=414.75mm w=4.2mm TotX0=18.1388 TotLambda=1.03699
************ CFMix layer 21 dEdx=0 X0=498.277 L0=909.149 zpos=418.95mm w=0.5mm TotX0=18.1398 TotLambda=1.03754
************ Cu layer 21 dEdx=1.257 X0=14.3558 L0=155.141 zpos=419.45mm w=0.5mm TotX0=18.1746 TotLambda=1.04076
************ Air layer 21 dEdx=0 X0=303921 L0=710261 zpos=419.95mm w=2mm TotX0=18.1746 TotLambda=1.04076
************ PCB layer 21 dEdx=0 X0=175.049 L0=484.239 zpos=421.95mm w=2mm TotX0=18.1861 TotLambda=1.04489
************ Si layer 21 dEdx=0.3876 X0=93.6607 L0=457.531 zpos=423.95mm w=0.1mm TotX0=18.1871 TotLambda=1.04511
************ Si layer 21 dEdx=0.3876 X0=93.6607 L0=457.531 zpos=424.05mm w=0.1mm TotX0=18.1882 TotLambda=1.04533
************ Si layer 21 dEdx=0.3876 X0=93.6607 L0=457.531 zpos=424.15mm w=0.1mm TotX0=18.1893 TotLambda=1.04555
************ WCu layer 22 dEdx=1.97175 X0=5.1223 L0=119.873 zpos=424.25mm w=2.2mm TotX0=18.6188 TotLambda=1.0639
************ Cu layer 22 dEdx=1.257 X0=14.3558 L0=155.141 zpos=426.45mm w=6mm TotX0=19.0367 TotLambda=1.10258
************ WCu layer 22 dEdx=1.97175 X0=5.1223 L0=119.873 zpos=432.45mm w=2.2mm TotX0=19.4662 TotLambda=1.12093
************ Si layer 22 dEdx=0.3876 X0=93.6607 L0=457.531 zpos=434.65mm w=0.1mm TotX0=19.4673 TotLambda=1.12115
************ Si layer 22 dEdx=0.3876 X0=93.6607 L0=457.531 zpos=434.75mm w=0.1mm TotX0=19.4683 TotLambda=1.12137
************ Si layer 22 dEdx=0.3876 X0=93.6607 L0=457.531 zpos=434.85mm w=0.1mm TotX0=19.4694 TotLambda=1.12158
************ PCB layer 22 dEdx=0 X0=175.049 L0=484.239 zpos=434.95mm w=2mm TotX0=19.4808 TotLambda=1.12571
************ Air layer 22 dEdx=0 X0=303921 L0=710261 zpos=436.95mm w=2mm TotX0=19.4808 TotLambda=1.12572
************ Cu layer 23 dEdx=1.257 X0=14.3558 L0=155.141 zpos=438.95mm w=0.5mm TotX0=19.5157 TotLambda=1.12894
************ CFMix layer 23 dEdx=0 X0=498.277 L0=909.149 zpos=439.45mm w=0.5mm TotX0=19.5167 TotLambda=1.12949
************ W layer 23 dEdx=2.21 X0=3.50418 L0=103.057 zpos=439.95mm w=4.2mm TotX0=20.7152 TotLambda=1.17024
************ CFMix layer 23 dEdx=0 X0=498.277 L0=909.149 zpos=444.15mm w=0.5mm TotX0=20.7162 TotLambda=1.17079
************ Cu layer 23 dEdx=1.257 X0=14.3558 L0=155.141 zpos=444.65mm w=0.5mm TotX0=20.7511 TotLambda=1.17402
************ Air layer 23 dEdx=0 X0=303921 L0=710261 zpos=445.15mm w=2mm TotX0=20.7511 TotLambda=1.17402
************ PCB layer 23 dEdx=0 X0=175.049 L0=484.239 zpos=447.15mm w=2mm TotX0=20.7625 TotLambda=1.17815
************ Si layer 23 dEdx=0.3876 X0=93.6607 L0=457.531 zpos=449.15mm w=0.1mm TotX0=20.7636 TotLambda=1.17837
************ Si layer 23 dEdx=0.3876 X0=93.6607 L0=457.531 zpos=449.25mm w=0.1mm TotX0=20.7646 TotLambda=1.17859
************ Si layer 23 dEdx=0.3876 X0=93.6607 L0=457.531 zpos=449.35mm w=0.1mm TotX0=20.7657 TotLambda=1.17881
************ WCu layer 24 dEdx=1.97175 X0=5.1223 L0=119.873 zpos=449.45mm w=2.2mm TotX0=21.1952 TotLambda=1.19716
************ Cu layer 24 dEdx=1.257 X0=14.3558 L0=155.141 zpos=451.65mm w=6mm TotX0=21.6132 TotLambda=1.23583
************ WCu layer 24 dEdx=1.97175 X0=5.1223 L0=119.873 zpos=457.65mm w=2.2mm TotX0=22.0426 TotLambda=1.25419
************ Si layer 24 dEdx=0.3876 X0=93.6607 L0=457.531 zpos=459.85mm w=0.1mm TotX0=22.0437 TotLambda=1.2544
************ Si layer 24 dEdx=0.3876 X0=93.6607 L0=457.531 zpos=459.95mm w=0.1mm TotX0=22.0448 TotLambda=1.25462
************ Si layer 24 dEdx=0.3876 X0=93.6607 L0=457.531 zpos=460.05mm w=0.1mm TotX0=22.0459 TotLambda=1.25484
************ PCB layer 24 dEdx=0 X0=175.049 L0=484.239 zpos=460.15mm w=2mm TotX0=22.0573 TotLambda=1.25897
************ Air layer 24 dEdx=0 X0=303921 L0=710261 zpos=462.15mm w=2mm TotX0=22.0573 TotLambda=1.25897
************ Cu layer 25 dEdx=1.257 X0=14.3558 L0=155.141 zpos=464.15mm w=0.5mm TotX0=22.0921 TotLambda=1.2622
************ CFMix layer 25 dEdx=0 X0=498.277 L0=909.149 zpos=464.65mm w=0.5mm TotX0=22.0931 TotLambda=1.26275
************ W layer 25 dEdx=2.21 X0=3.50418 L0=103.057 zpos=465.15mm w=4.2mm TotX0=23.2917 TotLambda=1.3035
************ CFMix layer 25 dEdx=0 X0=498.277 L0=909.149 zpos=469.35mm w=0.5mm TotX0=23.2927 TotLambda=1.30405
************ Cu layer 25 dEdx=1.257 X0=14.3558 L0=155.141 zpos=469.85mm w=0.5mm TotX0=23.3275 TotLambda=1.30727
************ Air layer 25 dEdx=0 X0=303921 L0=710261 zpos=470.35mm w=2mm TotX0=23.3275 TotLambda=1.30728
************ PCB layer 25 dEdx=0 X0=175.049 L0=484.239 zpos=472.35mm w=2mm TotX0=23.339 TotLambda=1.31141
************ Si layer 25 dEdx=0.3876 X0=93.6607 L0=457.531 zpos=474.35mm w=0.1mm TotX0=23.34 TotLambda=1.31163
************ Si layer 25 dEdx=0.3876 X0=93.6607 L0=457.531 zpos=474.45mm w=0.1mm TotX0=23.3411 TotLambda=1.31184
************ Si layer 25 dEdx=0.3876 X0=93.6607 L0=457.531 zpos=474.55mm w=0.1mm TotX0=23.3422 TotLambda=1.31206
************ WCu layer 26 dEdx=1.97175 X0=5.1223 L0=119.873 zpos=474.65mm w=2.2mm TotX0=23.7716 TotLambda=1.33042
************ Cu layer 26 dEdx=1.257 X0=14.3558 L0=155.141 zpos=476.85mm w=6mm TotX0=24.1896 TotLambda=1.36909
************ WCu layer 26 dEdx=1.97175 X0=5.1223 L0=119.873 zpos=482.85mm w=2.2mm TotX0=24.6191 TotLambda=1.38744
************ Si layer 26 dEdx=0.3876 X0=93.6607 L0=457.531 zpos=485.05mm w=0.1mm TotX0=24.6202 TotLambda=1.38766
************ Si layer 26 dEdx=0.3876 X0=93.6607 L0=457.531 zpos=485.15mm w=0.1mm TotX0=24.6212 TotLambda=1.38788
************ Si layer 26 dEdx=0.3876 X0=93.6607 L0=457.531 zpos=485.25mm w=0.1mm TotX0=24.6223 TotLambda=1.3881
************ PCB layer 26 dEdx=0 X0=175.049 L0=484.239 zpos=485.35mm w=2mm TotX0=24.6337 TotLambda=1.39223
************ Air layer 26 dEdx=0 X0=303921 L0=710261 zpos=487.35mm w=2mm TotX0=24.6337 TotLambda=1.39223
WARNING: model G4LENeutronInelastic is being deprecated and will
disappear in Geant4 version 10.0
WARNING: model G4LEProtonInelastic is being deprecated and will
disappear in Geant4 version 10.0
WARNING: model G4LEPionPlusInelastic is being deprecated and will
disappear in Geant4 version 10.0
WARNING: model G4LEPionMinusInelastic is being deprecated and will
disappear in Geant4 version 10.0
WARNING: model G4LEKaonPlusInelastic is being deprecated and will
disappear in Geant4 version 10.0
WARNING: model G4LEKaonMinusInelastic is being deprecated and will
disappear in Geant4 version 10.0
WARNING: model G4LEKaonZeroInelastic is being deprecated and will
disappear in Geant4 version 10.0
WARNING: model G4LEAntiKaonZeroInelastic is being deprecated and will
disappear in Geant4 version 10.0
WARNING: model G4LEKaonZeroLInelastic is being deprecated and will
disappear in Geant4 version 10.0
WARNING: model G4LEKaonZeroInelastic is being deprecated and will
disappear in Geant4 version 10.0
WARNING: model G4LEAntiKaonZeroInelastic is being deprecated and will
disappear in Geant4 version 10.0
WARNING: model G4LEKaonZeroSInelastic is being deprecated and will
disappear in Geant4 version 10.0
WARNING: model G4LEAntiProtonInelastic is being deprecated and will
disappear in Geant4 version 10.0
WARNING: model G4HEAntiProtonInelastic is being deprecated and will
disappear in Geant4 version 10.0
WARNING: model G4LEAntiNeutronInelastic is being deprecated and will
disappear in Geant4 version 10.0
WARNING: model G4HEAntiNeutronInelastic is being deprecated and will
disappear in Geant4 version 10.0
WARNING: model G4LELambdaInelastic is being deprecated and will
disappear in Geant4 version 10.0
WARNING: model G4HELambdaInelastic is being deprecated and will
disappear in Geant4 version 10.0
WARNING: model G4LEAntiLambdaInelastic is being deprecated and will
disappear in Geant4 version 10.0
WARNING: model G4HEAntiLambdaInelastic is being deprecated and will
disappear in Geant4 version 10.0
WARNING: model G4LESigmaMinusInelastic is being deprecated and will
disappear in Geant4 version 10.0
WARNING: model G4HESigmaMinusInelastic is being deprecated and will
disappear in Geant4 version 10.0
WARNING: model G4LEAntiSigmaMinusInelastic is being deprecated and will
disappear in Geant4 version 10.0
WARNING: model G4HEAntiSigmaMinusInelastic is being deprecated and will
disappear in Geant4 version 10.0
WARNING: model G4LESigmaPlusInelastic is being deprecated and will
disappear in Geant4 version 10.0
WARNING: model G4HESigmaPlusInelastic is being deprecated and will
disappear in Geant4 version 10.0
WARNING: model G4LEAntiSigmaPlusInelastic is being deprecated and will
disappear in Geant4 version 10.0
WARNING: model G4HEAntiSigmaPlusInelastic is being deprecated and will
disappear in Geant4 version 10.0
WARNING: model G4LEXiMinusInelastic is being deprecated and will
disappear in Geant4 version 10.0
WARNING: model G4HEXiMinusInelastic is being deprecated and will
disappear in Geant4 version 10.0
WARNING: model G4LEAntiXiMinusInelastic is being deprecated and will
disappear in Geant4 version 10.0
WARNING: model G4HEAntiXiMinusInelastic is being deprecated and will
disappear in Geant4 version 10.0
WARNING: model G4LEXiZeroInelastic is being deprecated and will
disappear in Geant4 version 10.0
WARNING: model G4HEXiZeroInelastic is being deprecated and will
disappear in Geant4 version 10.0
WARNING: model G4LEAntiXiZeroInelastic is being deprecated and will
disappear in Geant4 version 10.0
WARNING: model G4HEAntiXiZeroInelastic is being deprecated and will
disappear in Geant4 version 10.0
WARNING: model G4LEOmegaMinusInelastic is being deprecated and will
disappear in Geant4 version 10.0
WARNING: model G4HEOmegaMinusInelastic is being deprecated and will
disappear in Geant4 version 10.0
WARNING: model G4LEAntiOmegaMinusInelastic is being deprecated and will
disappear in Geant4 version 10.0
WARNING: model G4HEAntiOmegaMinusInelastic is being deprecated and will
disappear in Geant4 version 10.0
### Adding tracking cuts for neutron  TimeCut(ns)= 10000  KinEnergyCut(MeV)= 0
PhysicsList::SetCuts:CutLength : 30 um 
Visualization Manager instantiating with verbosity "warnings (3)"...
Visualization Manager initialising...
Registering graphics systems...

You have successfully registered the following graphics systems.
Current available graphics systems are:
  ASCIITree (ATree)
  DAWNFILE (DAWNFILE)
  G4HepRep (HepRepXML)
  G4HepRepFile (HepRepFile)
  OpenGLImmediateQt (OGLI, OGLIQt)
  OpenGLImmediateX (OGLIX)
  OpenGLImmediateXm (OGLIXm, OGLI_FALLBACK, OGLIQt_FALLBACK)
  OpenGLStoredQt (OGL, OGLS, OGLSQt)
  OpenGLStoredX (OGLSX)
  OpenGLStoredXm (OGLSXm, OGL_FALLBACK, OGLS_FALLBACK, OGLSQt_FALLBACK)
  RayTracer (RayTracer)
  RayTracerX (RayTracerX)
  VRML1FILE (VRML1FILE)
  VRML2FILE (VRML2FILE)
  gMocrenFile (gMocrenFile)

Registering model factories...

You have successfully registered the following model factories.
Registered model factories:
  generic
  drawByCharge
  drawByParticleID
  drawByOriginVolume
  drawByAttribute

Registered filter factories:
  chargeFilter
  particleFilter
  originVolumeFilter
  attributeFilter

You have successfully registered the following user vis actions.
Run Duration User Vis Actions: none
End of Event User Vis Actions: none
End of Run User Vis Actions: none

Some /vis commands (optionally) take a string to specify colour.
Available colours:
  black, blue, brown, cyan, gray, green, grey, magenta, red, white, yellow

 ====================================== 
 ========  Running batch mode ========= 
 ====================================== 
 -- Setting detector model to 6

phot:   for  gamma    SubType= 12
      LambdaPrime table from 200 keV to 10 TeV in 54 bins 
      ===== EM models for the G4Region  DefaultRegionForTheWorld ======
       PhotoElectric :  Emin=        0 eV    Emax=       10 TeV   AngularGenSauterGavrila  FluoActive

compt:   for  gamma    SubType= 13
      Lambda table from 100 eV  to 1 MeV in 28 bins, spline: 1
      LambdaPrime table from 1 MeV to 10 TeV in 49 bins 
      ===== EM models for the G4Region  DefaultRegionForTheWorld ======
       Klein-Nishina :  Emin=        0 eV    Emax=       10 TeV

conv:   for  gamma    SubType= 14
      Lambda table from 1.022 MeV to 10 TeV in 49 bins, spline: 1
      ===== EM models for the G4Region  DefaultRegionForTheWorld ======
        BetheHeitler :  Emin=        0 eV    Emax=       80 GeV
     BetheHeitlerLPM :  Emin=       80 GeV   Emax=       10 TeV

msc:   for e-    SubType= 10
      RangeFactor= 0.04, stepLimitType: 1, latDisplacement: 1
      ===== EM models for the G4Region  DefaultRegionForTheWorld ======
          UrbanMsc95 :  Emin=        0 eV    Emax=      100 MeV  Table with 42 bins Emin=    100 eV    Emax=    100 MeV
        WentzelVIUni :  Emin=      100 MeV   Emax=       10 TeV  Table with 35 bins Emin=    100 MeV   Emax=     10 TeV

eIoni:   for  e-    SubType= 2
      dE/dx and range tables from 100 eV  to 10 TeV in 77 bins
      Lambda tables from threshold to 10 TeV in 77 bins, spline: 1
      finalRange(mm)= 1, dRoverRange= 0.2, integral: 1, fluct: 1, linLossLimit= 0.01
      ===== EM models for the G4Region  DefaultRegionForTheWorld ======
        MollerBhabha :  Emin=        0 eV    Emax=       10 TeV

eBrem:   for  e-    SubType= 3
      dE/dx and range tables from 100 eV  to 10 TeV in 77 bins
      Lambda tables from threshold to 10 TeV in 77 bins, spline: 1
      LPM flag: 1 for E > 1 GeV
      ===== EM models for the G4Region  DefaultRegionForTheWorld ======
             eBremSB :  Emin=        0 eV    Emax=        1 GeV   DipBustGen
            eBremLPM :  Emin=        1 GeV   Emax=       10 TeV   DipBustGen

CoulombScat:   for  e-    SubType= 1
      Lambda table from 100 MeV to 10 TeV in 35 bins, spline: 1
      180 < Theta(degree) < 180; pLimit(GeV^1)= 0.139531
      ===== EM models for the G4Region  DefaultRegionForTheWorld ======
  eCoulombScattering :  Emin=      100 MeV   Emax=       10 TeV

msc:   for e+    SubType= 10
      RangeFactor= 0.04, stepLimitType: 1, latDisplacement: 1
      ===== EM models for the G4Region  DefaultRegionForTheWorld ======
          UrbanMsc95 :  Emin=        0 eV    Emax=      100 MeV  Table with 42 bins Emin=    100 eV    Emax=    100 MeV
        WentzelVIUni :  Emin=      100 MeV   Emax=       10 TeV  Table with 35 bins Emin=    100 MeV   Emax=     10 TeV

eIoni:   for  e+    SubType= 2
      dE/dx and range tables from 100 eV  to 10 TeV in 77 bins
      Lambda tables from threshold to 10 TeV in 77 bins, spline: 1
      finalRange(mm)= 1, dRoverRange= 0.2, integral: 1, fluct: 1, linLossLimit= 0.01
      ===== EM models for the G4Region  DefaultRegionForTheWorld ======
        MollerBhabha :  Emin=        0 eV    Emax=       10 TeV

eBrem:   for  e+    SubType= 3
      dE/dx and range tables from 100 eV  to 10 TeV in 77 bins
      Lambda tables from threshold to 10 TeV in 77 bins, spline: 1
      LPM flag: 1 for E > 1 GeV
      ===== EM models for the G4Region  DefaultRegionForTheWorld ======
             eBremSB :  Emin=        0 eV    Emax=        1 GeV   DipBustGen
            eBremLPM :  Emin=        1 GeV   Emax=       10 TeV   DipBustGen

annihil:   for  e+    SubType= 5
      ===== EM models for the G4Region  DefaultRegionForTheWorld ======
            eplus2gg :  Emin=        0 eV    Emax=       10 TeV

CoulombScat:   for  e+    SubType= 1
      Lambda table from 100 MeV to 10 TeV in 35 bins, spline: 1
      180 < Theta(degree) < 180; pLimit(GeV^1)= 0.139531
      ===== EM models for the G4Region  DefaultRegionForTheWorld ======
  eCoulombScattering :  Emin=      100 MeV   Emax=       10 TeV

msc:   for proton    SubType= 10
      RangeFactor= 0.2, step limit type: 0, lateralDisplacement: 1, polarAngleLimit(deg)= 180
      ===== EM models for the G4Region  DefaultRegionForTheWorld ======
        WentzelVIUni :  Emin=        0 eV    Emax=       10 TeV  Table with 77 bins Emin=    100 eV    Emax=     10 TeV

hIoni:   for  proton    SubType= 2
      dE/dx and range tables from 100 eV  to 10 TeV in 77 bins
      Lambda tables from threshold to 10 TeV in 77 bins, spline: 1
      finalRange(mm)= 0.1, dRoverRange= 0.2, integral: 1, fluct: 1, linLossLimit= 0.01
      ===== EM models for the G4Region  DefaultRegionForTheWorld ======
               Bragg :  Emin=        0 eV    Emax=        2 MeV
          BetheBloch :  Emin=        2 MeV   Emax=       10 TeV

hBrems:   for  proton    SubType= 3
      dE/dx and range tables from 100 eV  to 10 TeV in 77 bins
      Lambda tables from threshold to 10 TeV in 77 bins, spline: 1
      ===== EM models for the G4Region  DefaultRegionForTheWorld ======
               hBrem :  Emin=        0 eV    Emax=       10 TeV

hPairProd:   for  proton    SubType= 4
      dE/dx and range tables from 100 eV  to 10 TeV in 77 bins
      Lambda tables from threshold to 10 TeV in 77 bins, spline: 1
      ===== EM models for the G4Region  DefaultRegionForTheWorld ======
           hPairProd :  Emin=        0 eV    Emax=       10 TeV

msc:   for GenericIon    SubType= 10
      RangeFactor= 0.2, stepLimitType: 0, latDisplacement: 0
      ===== EM models for the G4Region  DefaultRegionForTheWorld ======
          UrbanMsc95 :  Emin=        0 eV    Emax=       10 TeV

ionIoni:   for  GenericIon    SubType= 2
      dE/dx and range tables from 100 eV  to 10 TeV in 77 bins
      Lambda tables from threshold to 10 TeV in 77 bins, spline: 1
      finalRange(mm)= 0.01, dRoverRange= 0.1, integral: 1, fluct: 1, linLossLimit= 0.02
      Stopping Power data for 17 ion/material pairs 
      ===== EM models for the G4Region  DefaultRegionForTheWorld ======
            BraggIon :  Emin=        0 eV    Emax=        2 MeV
          BetheBloch :  Emin=        2 MeV   Emax=       10 TeV

msc:   for alpha    SubType= 10
      RangeFactor= 0.2, stepLimitType: 0, latDisplacement: 0
      ===== EM models for the G4Region  DefaultRegionForTheWorld ======
          UrbanMsc95 :  Emin=        0 eV    Emax=       10 TeV  Table with 77 bins Emin=    100 eV    Emax=     10 TeV

ionIoni:   for  alpha    SubType= 2
      dE/dx and range tables from 100 eV  to 10 TeV in 77 bins
      Lambda tables from threshold to 10 TeV in 77 bins, spline: 1
      finalRange(mm)= 0.01, dRoverRange= 0.1, integral: 1, fluct: 1, linLossLimit= 0.02
      ===== EM models for the G4Region  DefaultRegionForTheWorld ======
            BraggIon :  Emin=        0 eV    Emax=   7.9452 MeV
          BetheBloch :  Emin=   7.9452 MeV   Emax=       10 TeV

msc:   for anti_proton    SubType= 10
      RangeFactor= 0.2, step limit type: 0, lateralDisplacement: 1, polarAngleLimit(deg)= 180
      ===== EM models for the G4Region  DefaultRegionForTheWorld ======
        WentzelVIUni :  Emin=        0 eV    Emax=       10 TeV  Table with 77 bins Emin=    100 eV    Emax=     10 TeV

hIoni:   for  anti_proton    SubType= 2
      dE/dx and range tables from 100 eV  to 10 TeV in 77 bins
      Lambda tables from threshold to 10 TeV in 77 bins, spline: 1
      finalRange(mm)= 0.1, dRoverRange= 0.2, integral: 1, fluct: 1, linLossLimit= 0.01
      ===== EM models for the G4Region  DefaultRegionForTheWorld ======
            ICRU73QO :  Emin=        0 eV    Emax=        2 MeV
          BetheBloch :  Emin=        2 MeV   Emax=       10 TeV

hBrems:   for  anti_proton    SubType= 3
      dE/dx and range tables from 100 eV  to 10 TeV in 77 bins
      Lambda tables from threshold to 10 TeV in 77 bins, spline: 1
      ===== EM models for the G4Region  DefaultRegionForTheWorld ======
               hBrem :  Emin=        0 eV    Emax=       10 TeV

hPairProd:   for  anti_proton    SubType= 4
      dE/dx and range tables from 100 eV  to 10 TeV in 77 bins
      Lambda tables from threshold to 10 TeV in 77 bins, spline: 1
      ===== EM models for the G4Region  DefaultRegionForTheWorld ======
           hPairProd :  Emin=        0 eV    Emax=       10 TeV

msc:   for kaon+    SubType= 10
      RangeFactor= 0.2, step limit type: 0, lateralDisplacement: 1, polarAngleLimit(deg)= 180
      ===== EM models for the G4Region  DefaultRegionForTheWorld ======
        WentzelVIUni :  Emin=        0 eV    Emax=       10 TeV  Table with 77 bins Emin=    100 eV    Emax=     10 TeV

hIoni:   for  kaon+    SubType= 2
      dE/dx and range tables from 100 eV  to 10 TeV in 77 bins
      Lambda tables from threshold to 10 TeV in 77 bins, spline: 1
      finalRange(mm)= 0.1, dRoverRange= 0.2, integral: 1, fluct: 1, linLossLimit= 0.01
      ===== EM models for the G4Region  DefaultRegionForTheWorld ======
               Bragg :  Emin=        0 eV    Emax=  1.05231 MeV
          BetheBloch :  Emin=  1.05231 MeV   Emax=       10 TeV

hBrems:   for  kaon+    SubType= 3
      dE/dx and range tables from 100 eV  to 10 TeV in 77 bins
      Lambda tables from threshold to 10 TeV in 77 bins, spline: 1
      ===== EM models for the G4Region  DefaultRegionForTheWorld ======
               hBrem :  Emin=        0 eV    Emax=       10 TeV

hPairProd:   for  kaon+    SubType= 4
      dE/dx and range tables from 100 eV  to 10 TeV in 77 bins
      Lambda tables from threshold to 10 TeV in 77 bins, spline: 1
      ===== EM models for the G4Region  DefaultRegionForTheWorld ======
           hPairProd :  Emin=        0 eV    Emax=       10 TeV

msc:   for kaon-    SubType= 10
      RangeFactor= 0.2, step limit type: 0, lateralDisplacement: 1, polarAngleLimit(deg)= 180
      ===== EM models for the G4Region  DefaultRegionForTheWorld ======
        WentzelVIUni :  Emin=        0 eV    Emax=       10 TeV  Table with 77 bins Emin=    100 eV    Emax=     10 TeV

hIoni:   for  kaon-    SubType= 2
      dE/dx and range tables from 100 eV  to 10 TeV in 77 bins
      Lambda tables from threshold to 10 TeV in 77 bins, spline: 1
      finalRange(mm)= 0.1, dRoverRange= 0.2, integral: 1, fluct: 1, linLossLimit= 0.01
      ===== EM models for the G4Region  DefaultRegionForTheWorld ======
            ICRU73QO :  Emin=        0 eV    Emax=  1.05231 MeV
          BetheBloch :  Emin=  1.05231 MeV   Emax=       10 TeV

hBrems:   for  kaon-    SubType= 3
      dE/dx and range tables from 100 eV  to 10 TeV in 77 bins
      Lambda tables from threshold to 10 TeV in 77 bins, spline: 1
      ===== EM models for the G4Region  DefaultRegionForTheWorld ======
               hBrem :  Emin=        0 eV    Emax=       10 TeV

hPairProd:   for  kaon-    SubType= 4
      dE/dx and range tables from 100 eV  to 10 TeV in 77 bins
      Lambda tables from threshold to 10 TeV in 77 bins, spline: 1
      ===== EM models for the G4Region  DefaultRegionForTheWorld ======
           hPairProd :  Emin=        0 eV    Emax=       10 TeV

msc:   for mu+    SubType= 10
      RangeFactor= 0.2, step limit type: 0, lateralDisplacement: 1, polarAngleLimit(deg)= 180
      ===== EM models for the G4Region  DefaultRegionForTheWorld ======
        WentzelVIUni :  Emin=        0 eV    Emax=       10 TeV  Table with 77 bins Emin=    100 eV    Emax=     10 TeV

muIoni:   for  mu+    SubType= 2
      dE/dx and range tables from 100 eV  to 10 TeV in 77 bins
      Lambda tables from threshold to 10 TeV in 77 bins, spline: 1
      finalRange(mm)= 1, dRoverRange= 0.2, integral: 1, fluct: 1, linLossLimit= 0.01
      ===== EM models for the G4Region  DefaultRegionForTheWorld ======
               Bragg :  Emin=        0 eV    Emax=      200 keV
          BetheBloch :  Emin=      200 keV   Emax=        1 GeV
        MuBetheBloch :  Emin=        1 GeV   Emax=       10 TeV

muBrems:   for  mu+    SubType= 3
      dE/dx and range tables from 100 eV  to 10 TeV in 77 bins
      Lambda tables from threshold to 10 TeV in 77 bins, spline: 1
      ===== EM models for the G4Region  DefaultRegionForTheWorld ======
              MuBrem :  Emin=        0 eV    Emax=       10 TeV

muPairProd:   for  mu+    SubType= 4
      dE/dx and range tables from 100 eV  to 10 TeV in 77 bins
      Lambda tables from threshold to 10 TeV in 77 bins, spline: 1
      ===== EM models for the G4Region  DefaultRegionForTheWorld ======
          muPairProd :  Emin=        0 eV    Emax=       10 TeV

CoulombScat:   for  mu+    SubType= 1
      Lambda table from 100 eV  to 10 TeV in 43 bins, spline: 1
      180 < Theta(degree) < 180; pLimit(GeV^1)= 0.139531
      ===== EM models for the G4Region  DefaultRegionForTheWorld ======
  eCoulombScattering :  Emin=        0 eV    Emax=       10 TeV

msc:   for mu-    SubType= 10
      RangeFactor= 0.2, step limit type: 0, lateralDisplacement: 1, polarAngleLimit(deg)= 180
      ===== EM models for the G4Region  DefaultRegionForTheWorld ======
        WentzelVIUni :  Emin=        0 eV    Emax=       10 TeV  Table with 77 bins Emin=    100 eV    Emax=     10 TeV

muIoni:   for  mu-    SubType= 2
      dE/dx and range tables from 100 eV  to 10 TeV in 77 bins
      Lambda tables from threshold to 10 TeV in 77 bins, spline: 1
      finalRange(mm)= 1, dRoverRange= 0.2, integral: 1, fluct: 1, linLossLimit= 0.01
      ===== EM models for the G4Region  DefaultRegionForTheWorld ======
            ICRU73QO :  Emin=        0 eV    Emax=      200 keV
          BetheBloch :  Emin=      200 keV   Emax=        1 GeV
        MuBetheBloch :  Emin=        1 GeV   Emax=       10 TeV

muBrems:   for  mu-    SubType= 3
      dE/dx and range tables from 100 eV  to 10 TeV in 77 bins
      Lambda tables from threshold to 10 TeV in 77 bins, spline: 1
      ===== EM models for the G4Region  DefaultRegionForTheWorld ======
              MuBrem :  Emin=        0 eV    Emax=       10 TeV

muPairProd:   for  mu-    SubType= 4
      dE/dx and range tables from 100 eV  to 10 TeV in 77 bins
      Lambda tables from threshold to 10 TeV in 77 bins, spline: 1
      ===== EM models for the G4Region  DefaultRegionForTheWorld ======
          muPairProd :  Emin=        0 eV    Emax=       10 TeV

CoulombScat:   for  mu-    SubType= 1
      Lambda table from 100 eV  to 10 TeV in 43 bins, spline: 1
      180 < Theta(degree) < 180; pLimit(GeV^1)= 0.139531
      ===== EM models for the G4Region  DefaultRegionForTheWorld ======
  eCoulombScattering :  Emin=        0 eV    Emax=       10 TeV

msc:   for pi+    SubType= 10
      RangeFactor= 0.2, step limit type: 0, lateralDisplacement: 1, polarAngleLimit(deg)= 180
      ===== EM models for the G4Region  DefaultRegionForTheWorld ======
        WentzelVIUni :  Emin=        0 eV    Emax=       10 TeV  Table with 77 bins Emin=    100 eV    Emax=     10 TeV

hIoni:   for  pi+    SubType= 2
      dE/dx and range tables from 100 eV  to 10 TeV in 77 bins
      Lambda tables from threshold to 10 TeV in 77 bins, spline: 1
      finalRange(mm)= 0.1, dRoverRange= 0.2, integral: 1, fluct: 1, linLossLimit= 0.01
      ===== EM models for the G4Region  DefaultRegionForTheWorld ======
               Bragg :  Emin=        0 eV    Emax=  297.505 keV
          BetheBloch :  Emin=  297.505 keV   Emax=       10 TeV

hBrems:   for  pi+    SubType= 3
      dE/dx and range tables from 100 eV  to 10 TeV in 77 bins
      Lambda tables from threshold to 10 TeV in 77 bins, spline: 1
      ===== EM models for the G4Region  DefaultRegionForTheWorld ======
               hBrem :  Emin=        0 eV    Emax=       10 TeV

hPairProd:   for  pi+    SubType= 4
      dE/dx and range tables from 100 eV  to 10 TeV in 77 bins
      Lambda tables from threshold to 10 TeV in 77 bins, spline: 1
      ===== EM models for the G4Region  DefaultRegionForTheWorld ======
           hPairProd :  Emin=        0 eV    Emax=       10 TeV

msc:   for pi-    SubType= 10
      RangeFactor= 0.2, step limit type: 0, lateralDisplacement: 1, polarAngleLimit(deg)= 180
      ===== EM models for the G4Region  DefaultRegionForTheWorld ======
        WentzelVIUni :  Emin=        0 eV    Emax=       10 TeV  Table with 77 bins Emin=    100 eV    Emax=     10 TeV

hIoni:   for  pi-    SubType= 2
      dE/dx and range tables from 100 eV  to 10 TeV in 77 bins
      Lambda tables from threshold to 10 TeV in 77 bins, spline: 1
      finalRange(mm)= 0.1, dRoverRange= 0.2, integral: 1, fluct: 1, linLossLimit= 0.01
      ===== EM models for the G4Region  DefaultRegionForTheWorld ======
            ICRU73QO :  Emin=        0 eV    Emax=  297.505 keV
          BetheBloch :  Emin=  297.505 keV   Emax=       10 TeV

hBrems:   for  pi-    SubType= 3
      dE/dx and range tables from 100 eV  to 10 TeV in 77 bins
      Lambda tables from threshold to 10 TeV in 77 bins, spline: 1
      ===== EM models for the G4Region  DefaultRegionForTheWorld ======
               hBrem :  Emin=        0 eV    Emax=       10 TeV

hPairProd:   for  pi-    SubType= 4
      dE/dx and range tables from 100 eV  to 10 TeV in 77 bins
      Lambda tables from threshold to 10 TeV in 77 bins, spline: 1
      ===== EM models for the G4Region  DefaultRegionForTheWorld ======
           hPairProd :  Emin=        0 eV    Emax=       10 TeV
============================================================================================
             HADRONIC PROCESSES SUMMARY (verbose level 1)

                                  Hadronic Processes for <GenericIon>
                                  -----------------------------------
        ionInelastic  Models:     Binary Light Ion Cascade: Emin(GeV)=    0  Emax(GeV)= 4
                                                      FTFP: Emin(GeV)=    2  Emax(GeV)= 100000

        ionInelastic  Crs sctns: Glauber-Gribov nucleus nucleus: Emin(GeV)=    0  Emax(GeV)= 100000
                                          GheishaInelastic: Emin(GeV)=    0  Emax(GeV)= 100000


                                  Hadronic Processes for <anti_neutron>
                                  -----------------------------------
          hadElastic  Models:                 hElasticLHEP: Emin(GeV)=    0  Emax(GeV)= 100000

          hadElastic  Crs sctns:            GheishaElastic: Emin(GeV)=    0  Emax(GeV)= 100000

AntiNeutronInelastic  Models:     G4LEAntiNeutronInelastic: Emin(GeV)=    0  Emax(GeV)= 25
                                  G4HEAntiNeutronInelastic: Emin(GeV)=   20  Emax(GeV)= 100000

AntiNeutronInelastic  Crs sctns:              AntiAGlauber: Emin(GeV)=    0  Emax(GeV)= 1.79769e+305
                                          GheishaInelastic: Emin(GeV)=    0  Emax(GeV)= 100000


                                  Hadronic Processes for <anti_proton>
                                  -----------------------------------
          hadElastic  Models:                 hElasticLHEP: Emin(GeV)=    0  Emax(GeV)= 0.1
                                              AntiAElastic: Emin(GeV)=  0.1  Emax(GeV)= 100000

          hadElastic  Crs sctns:              AntiAGlauber: Emin(GeV)=    0  Emax(GeV)= 1.79769e+305
                                            GheishaElastic: Emin(GeV)=    0  Emax(GeV)= 100000

 AntiProtonInelastic  Models:      G4LEAntiProtonInelastic: Emin(GeV)=    0  Emax(GeV)= 25
                                   G4HEAntiProtonInelastic: Emin(GeV)=   20  Emax(GeV)= 100000

 AntiProtonInelastic  Crs sctns:              AntiAGlauber: Emin(GeV)=    0  Emax(GeV)= 1.79769e+305
                                          GheishaInelastic: Emin(GeV)=    0  Emax(GeV)= 100000

          hFritiofCaptureAtRest

                                  Hadronic Processes for <e+>
                                  -----------------------------------
     PositronNuclear  Models:      G4ElectroVDNuclearModel: Emin(GeV)=    0  Emax(GeV)= 1e+06

     PositronNuclear  Crs sctns:          ElectroNuclearXS: Emin(GeV)=    0  Emax(GeV)= 100000
                                          GheishaInelastic: Emin(GeV)=    0  Emax(GeV)= 100000


                                  Hadronic Processes for <e->
                                  -----------------------------------
      ElectroNuclear  Models:      G4ElectroVDNuclearModel: Emin(GeV)=    0  Emax(GeV)= 1e+06

      ElectroNuclear  Crs sctns:          ElectroNuclearXS: Emin(GeV)=    0  Emax(GeV)= 100000
                                          GheishaInelastic: Emin(GeV)=    0  Emax(GeV)= 100000


                                  Hadronic Processes for <gamma>
                                  -----------------------------------
     PhotonInelastic  Models:               BertiniCascade: Emin(GeV)=    0  Emax(GeV)= 3.5
                                           TheoFSGenerator: Emin(GeV)=    3  Emax(GeV)= 100000

     PhotonInelastic  Crs sctns:            PhotoNuclearXS: Emin(GeV)=    0  Emax(GeV)= 100000
                                          GheishaInelastic: Emin(GeV)=    0  Emax(GeV)= 100000


                                  Hadronic Processes for <kaon+>
                                  -----------------------------------
          hadElastic  Models:                 hElasticLHEP: Emin(GeV)=    0  Emax(GeV)= 100000

          hadElastic  Crs sctns:            GheishaElastic: Emin(GeV)=    0  Emax(GeV)= 100000

   KaonPlusInelastic  Models:                         QGSP: Emin(GeV)=   12  Emax(GeV)= 100000
                                     G4LEKaonPlusInelastic: Emin(GeV)=  9.5  Emax(GeV)= 25
                                            BertiniCascade: Emin(GeV)=    0  Emax(GeV)= 9.9

   KaonPlusInelastic  Crs sctns:  ChipsKaonPlusInelasticXS: Emin(GeV)=    0  Emax(GeV)= 100000
                                          GheishaInelastic: Emin(GeV)=    0  Emax(GeV)= 100000


                                  Hadronic Processes for <kaon->
                                  -----------------------------------
          hadElastic  Models:                 hElasticLHEP: Emin(GeV)=    0  Emax(GeV)= 100000

          hadElastic  Crs sctns:            GheishaElastic: Emin(GeV)=    0  Emax(GeV)= 100000

  KaonMinusInelastic  Models:                         QGSP: Emin(GeV)=   12  Emax(GeV)= 100000
                                    G4LEKaonMinusInelastic: Emin(GeV)=  9.5  Emax(GeV)= 25
                                            BertiniCascade: Emin(GeV)=    0  Emax(GeV)= 9.9

  KaonMinusInelastic  Crs sctns: ChipsKaonMinusInelasticXS: Emin(GeV)=    0  Emax(GeV)= 100000
                                          GheishaInelastic: Emin(GeV)=    0  Emax(GeV)= 100000

          hBertiniCaptureAtRest

                                  Hadronic Processes for <lambda>
                                  -----------------------------------
          hadElastic  Models:                 hElasticLHEP: Emin(GeV)=    0  Emax(GeV)= 100000

          hadElastic  Crs sctns:            GheishaElastic: Emin(GeV)=    0  Emax(GeV)= 100000

     LambdaInelastic  Models:          G4LELambdaInelastic: Emin(GeV)=    0  Emax(GeV)= 25
                                       G4HELambdaInelastic: Emin(GeV)=   20  Emax(GeV)= 100000

     LambdaInelastic  Crs sctns:   ChipsHyperonInelasticXS: Emin(GeV)=    0  Emax(GeV)= 100000
                                          GheishaInelastic: Emin(GeV)=    0  Emax(GeV)= 100000


                     Hadronic Processes for <mu->
          muMinusCaptureAtRest

                                  Hadronic Processes for <neutron>
                                  -----------------------------------
          hadElastic  Models:                hElasticCHIPS: Emin(GeV)=    0  Emax(GeV)= 100000

          hadElastic  Crs sctns:     ChipsNeutronElasticXS: Emin(GeV)=    0  Emax(GeV)= 100000
                                            GheishaElastic: Emin(GeV)=    0  Emax(GeV)= 100000

    NeutronInelastic  Models:                         QGSP: Emin(GeV)=   12  Emax(GeV)= 100000
                                      G4LENeutronInelastic: Emin(GeV)=  9.5  Emax(GeV)= 25
                                            BertiniCascade: Emin(GeV)=    0  Emax(GeV)= 9.9

    NeutronInelastic  Crs sctns:       Barashenkov-Glauber: Emin(GeV)=    0  Emax(GeV)= 100000
                                          GheishaInelastic: Emin(GeV)=    0  Emax(GeV)= 100000

            nCapture  Models:                   G4LCapture: Emin(GeV)=    0  Emax(GeV)= 20000

            nCapture  Crs sctns:          GheishaCaptureXS: Emin(GeV)=    0  Emax(GeV)= 100000

            nFission  Models:                   G4LFission: Emin(GeV)=    0  Emax(GeV)= 20000

            nFission  Crs sctns:          GheishaFissionXS: Emin(GeV)=    0  Emax(GeV)= 100000


                                  Hadronic Processes for <pi+>
                                  -----------------------------------
          hadElastic  Models:                 hElasticLHEP: Emin(GeV)=    0  Emax(GeV)= 1
                                           hElasticGlauber: Emin(GeV)=    1  Emax(GeV)= 100000

          hadElastic  Crs sctns:       Barashenkov-Glauber: Emin(GeV)=    0  Emax(GeV)= 100000
                                            GheishaElastic: Emin(GeV)=    0  Emax(GeV)= 100000

   PionPlusInelastic  Models:                         QGSP: Emin(GeV)=   12  Emax(GeV)= 100000
                                     G4LEPionPlusInelastic: Emin(GeV)=  9.5  Emax(GeV)= 25
                                            BertiniCascade: Emin(GeV)=    0  Emax(GeV)= 9.9

   PionPlusInelastic  Crs sctns:      G4CrossSectionPairGG: Emin(GeV)=    0  Emax(GeV)= 100000
                         G4CrossSectionPairGG: G4PiNuclearCrossSection cross sections 
                           below 91 GeV, Glauber-Gribov above 
                                          GheishaInelastic: Emin(GeV)=    0  Emax(GeV)= 100000


                                  Hadronic Processes for <pi->
                                  -----------------------------------
          hadElastic  Models:                 hElasticLHEP: Emin(GeV)=    0  Emax(GeV)= 1
                                           hElasticGlauber: Emin(GeV)=    1  Emax(GeV)= 100000

          hadElastic  Crs sctns:       Barashenkov-Glauber: Emin(GeV)=    0  Emax(GeV)= 100000
                                            GheishaElastic: Emin(GeV)=    0  Emax(GeV)= 100000

  PionMinusInelastic  Models:                         QGSP: Emin(GeV)=   12  Emax(GeV)= 100000
                                    G4LEPionMinusInelastic: Emin(GeV)=  9.5  Emax(GeV)= 25
                                            BertiniCascade: Emin(GeV)=    0  Emax(GeV)= 9.9

  PionMinusInelastic  Crs sctns:      G4CrossSectionPairGG: Emin(GeV)=    0  Emax(GeV)= 100000
                         G4CrossSectionPairGG: G4PiNuclearCrossSection cross sections 
                           below 91 GeV, Glauber-Gribov above 
                                          GheishaInelastic: Emin(GeV)=    0  Emax(GeV)= 100000

          hBertiniCaptureAtRest

                                  Hadronic Processes for <proton>
                                  -----------------------------------
          hadElastic  Models:                hElasticCHIPS: Emin(GeV)=    0  Emax(GeV)= 100000

          hadElastic  Crs sctns:      ChipsProtonElasticXS: Emin(GeV)=    0  Emax(GeV)= 100000
                                            GheishaElastic: Emin(GeV)=    0  Emax(GeV)= 100000

     ProtonInelastic  Models:                         QGSP: Emin(GeV)=   12  Emax(GeV)= 100000
                                       G4LEProtonInelastic: Emin(GeV)=  9.5  Emax(GeV)= 25
                                            BertiniCascade: Emin(GeV)=    0  Emax(GeV)= 9.9

     ProtonInelastic  Crs sctns:       Barashenkov-Glauber: Emin(GeV)=    0  Emax(GeV)= 100000
                                          GheishaInelastic: Emin(GeV)=    0  Emax(GeV)= 100000

============================================================================================

========= Table of registered couples ==============================

Index : 0     used in the geometry : Yes     recalculation needed : No 
 Material : G4_AIR
 Range cuts        :  gamma  700 um     e-  700 um     e+  700 um  proton 700 um 
 Energy thresholds :  gamma  990 eV     e-  990 eV     e+  990 eV  proton 70 keV
 Region(s) which use this couple : 
    DefaultRegionForTheWorld

Index : 1     used in the geometry : Yes     recalculation needed : No 
 Material : G4_W
 Range cuts        :  gamma  700 um     e-  700 um     e+  700 um  proton 700 um 
 Energy thresholds :  gamma  97.4901 keV    e-  1.63955 MeV    e+  1.54333 MeV proton 70 keV
 Region(s) which use this couple : 
    DefaultRegionForTheWorld

Index : 2     used in the geometry : Yes     recalculation needed : No 
 Material : G4_Galactic
 Range cuts        :  gamma  700 um     e-  700 um     e+  700 um  proton 700 um 
 Energy thresholds :  gamma  990 eV     e-  990 eV     e+  990 eV  proton 70 keV
 Region(s) which use this couple : 
    DefaultRegionForTheWorld

Index : 3     used in the geometry : Yes     recalculation needed : No 
 Material : G4_Cu
 Range cuts        :  gamma  700 um     e-  700 um     e+  700 um  proton 700 um 
 Energy thresholds :  gamma  20.6438 keV    e-  1.03121 MeV    e+  977.24 keV proton 70 keV
 Region(s) which use this couple : 
    DefaultRegionForTheWorld

Index : 4     used in the geometry : Yes     recalculation needed : No 
 Material : CFMix
 Range cuts        :  gamma  700 um     e-  700 um     e+  700 um  proton 700 um 
 Energy thresholds :  gamma  2.03195 keV    e-  239.904 keV    e+  231.977 keV proton 70 keV
 Region(s) which use this couple : 
    DefaultRegionForTheWorld

Index : 5     used in the geometry : Yes     recalculation needed : No 
 Material : FR4
 Range cuts        :  gamma  700 um     e-  700 um     e+  700 um  proton 700 um 
 Energy thresholds :  gamma  4.0192 keV    e-  376.336 keV    e+  363.901 keV proton 70 keV
 Region(s) which use this couple : 
    DefaultRegionForTheWorld

Index : 6     used in the geometry : Yes     recalculation needed : No 
 Material : WCu
 Range cuts        :  gamma  700 um     e-  700 um     e+  700 um  proton 700 um 
 Energy thresholds :  gamma  87.5518 keV    e-  1.386 MeV    e+  1.29592 MeV proton 70 keV
 Region(s) which use this couple : 
    DefaultRegionForTheWorld

Index : 7     used in the geometry : Yes     recalculation needed : No 
 Material : G4_Si
 Range cuts        :  gamma  30 um     e-  30 um     e+  30 um  proton 30 um 
 Energy thresholds :  gamma  1.31284 keV    e-  60.0938 keV    e+  59.2915 keV proton 3 keV
 Region(s) which use this couple : 
    Si2_0Reg

Index : 8     used in the geometry : Yes     recalculation needed : No 
 Material : G4_Si
 Range cuts        :  gamma  30 um     e-  30 um     e+  30 um  proton 30 um 
 Energy thresholds :  gamma  1.31284 keV    e-  60.0938 keV    e+  59.2915 keV proton 3 keV
 Region(s) which use this couple : 
    Si2_1Reg

Index : 9     used in the geometry : Yes     recalculation needed : No 
 Material : G4_Si
 Range cuts        :  gamma  30 um     e-  30 um     e+  30 um  proton 30 um 
 Energy thresholds :  gamma  1.31284 keV    e-  60.0938 keV    e+  59.2915 keV proton 3 keV
 Region(s) which use this couple : 
    Si2_2Reg

Index : 10     used in the geometry : Yes     recalculation needed : No 
 Material : G4_Si
 Range cuts        :  gamma  30 um     e-  30 um     e+  30 um  proton 30 um 
 Energy thresholds :  gamma  1.31284 keV    e-  60.0938 keV    e+  59.2915 keV proton 3 keV
 Region(s) which use this couple : 
    Si3_0Reg

Index : 11     used in the geometry : Yes     recalculation needed : No 
 Material : G4_Si
 Range cuts        :  gamma  30 um     e-  30 um     e+  30 um  proton 30 um 
 Energy thresholds :  gamma  1.31284 keV    e-  60.0938 keV    e+  59.2915 keV proton 3 keV
 Region(s) which use this couple : 
    Si3_1Reg

Index : 12     used in the geometry : Yes     recalculation needed : No 
 Material : G4_Si
 Range cuts        :  gamma  30 um     e-  30 um     e+  30 um  proton 30 um 
 Energy thresholds :  gamma  1.31284 keV    e-  60.0938 keV    e+  59.2915 keV proton 3 keV
 Region(s) which use this couple : 
    Si3_2Reg

Index : 13     used in the geometry : Yes     recalculation needed : No 
 Material : G4_Si
 Range cuts        :  gamma  30 um     e-  30 um     e+  30 um  proton 30 um 
 Energy thresholds :  gamma  1.31284 keV    e-  60.0938 keV    e+  59.2915 keV proton 3 keV
 Region(s) which use this couple : 
    Si4_0Reg

Index : 14     used in the geometry : Yes     recalculation needed : No 
 Material : G4_Si
 Range cuts        :  gamma  30 um     e-  30 um     e+  30 um  proton 30 um 
 Energy thresholds :  gamma  1.31284 keV    e-  60.0938 keV    e+  59.2915 keV proton 3 keV
 Region(s) which use this couple : 
    Si4_1Reg

Index : 15     used in the geometry : Yes     recalculation needed : No 
 Material : G4_Si
 Range cuts        :  gamma  30 um     e-  30 um     e+  30 um  proton 30 um 
 Energy thresholds :  gamma  1.31284 keV    e-  60.0938 keV    e+  59.2915 keV proton 3 keV
 Region(s) which use this couple : 
    Si4_2Reg

Index : 16     used in the geometry : Yes     recalculation needed : No 
 Material : G4_Si
 Range cuts        :  gamma  30 um     e-  30 um     e+  30 um  proton 30 um 
 Energy thresholds :  gamma  1.31284 keV    e-  60.0938 keV    e+  59.2915 keV proton 3 keV
 Region(s) which use this couple : 
    Si5_0Reg

Index : 17     used in the geometry : Yes     recalculation needed : No 
 Material : G4_Si
 Range cuts        :  gamma  30 um     e-  30 um     e+  30 um  proton 30 um 
 Energy thresholds :  gamma  1.31284 keV    e-  60.0938 keV    e+  59.2915 keV proton 3 keV
 Region(s) which use this couple : 
    Si5_1Reg

Index : 18     used in the geometry : Yes     recalculation needed : No 
 Material : G4_Si
 Range cuts        :  gamma  30 um     e-  30 um     e+  30 um  proton 30 um 
 Energy thresholds :  gamma  1.31284 keV    e-  60.0938 keV    e+  59.2915 keV proton 3 keV
 Region(s) which use this couple : 
    Si5_2Reg

Index : 19     used in the geometry : Yes     recalculation needed : No 
 Material : G4_Si
 Range cuts        :  gamma  30 um     e-  30 um     e+  30 um  proton 30 um 
 Energy thresholds :  gamma  1.31284 keV    e-  60.0938 keV    e+  59.2915 keV proton 3 keV
 Region(s) which use this couple : 
    Si6_0Reg

Index : 20     used in the geometry : Yes     recalculation needed : No 
 Material : G4_Si
 Range cuts        :  gamma  30 um     e-  30 um     e+  30 um  proton 30 um 
 Energy thresholds :  gamma  1.31284 keV    e-  60.0938 keV    e+  59.2915 keV proton 3 keV
 Region(s) which use this couple : 
    Si6_1Reg

Index : 21     used in the geometry : Yes     recalculation needed : No 
 Material : G4_Si
 Range cuts        :  gamma  30 um     e-  30 um     e+  30 um  proton 30 um 
 Energy thresholds :  gamma  1.31284 keV    e-  60.0938 keV    e+  59.2915 keV proton 3 keV
 Region(s) which use this couple : 
    Si6_2Reg

Index : 22     used in the geometry : Yes     recalculation needed : No 
 Material : G4_Si
 Range cuts        :  gamma  30 um     e-  30 um     e+  30 um  proton 30 um 
 Energy thresholds :  gamma  1.31284 keV    e-  60.0938 keV    e+  59.2915 keV proton 3 keV
 Region(s) which use this couple : 
    Si7_0Reg

Index : 23     used in the geometry : Yes     recalculation needed : No 
 Material : G4_Si
 Range cuts        :  gamma  30 um     e-  30 um     e+  30 um  proton 30 um 
 Energy thresholds :  gamma  1.31284 keV    e-  60.0938 keV    e+  59.2915 keV proton 3 keV
 Region(s) which use this couple : 
    Si7_1Reg

Index : 24     used in the geometry : Yes     recalculation needed : No 
 Material : G4_Si
 Range cuts        :  gamma  30 um     e-  30 um     e+  30 um  proton 30 um 
 Energy thresholds :  gamma  1.31284 keV    e-  60.0938 keV    e+  59.2915 keV proton 3 keV
 Region(s) which use this couple : 
    Si7_2Reg

Index : 25     used in the geometry : Yes     recalculation needed : No 
 Material : G4_Si
 Range cuts        :  gamma  30 um     e-  30 um     e+  30 um  proton 30 um 
 Energy thresholds :  gamma  1.31284 keV    e-  60.0938 keV    e+  59.2915 keV proton 3 keV
 Region(s) which use this couple : 
    Si8_0Reg

Index : 26     used in the geometry : Yes     recalculation needed : No 
 Material : G4_Si
 Range cuts        :  gamma  30 um     e-  30 um     e+  30 um  proton 30 um 
 Energy thresholds :  gamma  1.31284 keV    e-  60.0938 keV    e+  59.2915 keV proton 3 keV
 Region(s) which use this couple : 
    Si8_1Reg

Index : 27     used in the geometry : Yes     recalculation needed : No 
 Material : G4_Si
 Range cuts        :  gamma  30 um     e-  30 um     e+  30 um  proton 30 um 
 Energy thresholds :  gamma  1.31284 keV    e-  60.0938 keV    e+  59.2915 keV proton 3 keV
 Region(s) which use this couple : 
    Si8_2Reg

Index : 28     used in the geometry : Yes     recalculation needed : No 
 Material : G4_Si
 Range cuts        :  gamma  30 um     e-  30 um     e+  30 um  proton 30 um 
 Energy thresholds :  gamma  1.31284 keV    e-  60.0938 keV    e+  59.2915 keV proton 3 keV
 Region(s) which use this couple : 
    Si9_0Reg

Index : 29     used in the geometry : Yes     recalculation needed : No 
 Material : G4_Si
 Range cuts        :  gamma  30 um     e-  30 um     e+  30 um  proton 30 um 
 Energy thresholds :  gamma  1.31284 keV    e-  60.0938 keV    e+  59.2915 keV proton 3 keV
 Region(s) which use this couple : 
    Si9_1Reg

Index : 30     used in the geometry : Yes     recalculation needed : No 
 Material : G4_Si
 Range cuts        :  gamma  30 um     e-  30 um     e+  30 um  proton 30 um 
 Energy thresholds :  gamma  1.31284 keV    e-  60.0938 keV    e+  59.2915 keV proton 3 keV
 Region(s) which use this couple : 
    Si9_2Reg

Index : 31     used in the geometry : Yes     recalculation needed : No 
 Material : G4_Si
 Range cuts        :  gamma  30 um     e-  30 um     e+  30 um  proton 30 um 
 Energy thresholds :  gamma  1.31284 keV    e-  60.0938 keV    e+  59.2915 keV proton 3 keV
 Region(s) which use this couple : 
    Si10_0Reg

Index : 32     used in the geometry : Yes     recalculation needed : No 
 Material : G4_Si
 Range cuts        :  gamma  30 um     e-  30 um     e+  30 um  proton 30 um 
 Energy thresholds :  gamma  1.31284 keV    e-  60.0938 keV    e+  59.2915 keV proton 3 keV
 Region(s) which use this couple : 
    Si10_1Reg

Index : 33     used in the geometry : Yes     recalculation needed : No 
 Material : G4_Si
 Range cuts        :  gamma  30 um     e-  30 um     e+  30 um  proton 30 um 
 Energy thresholds :  gamma  1.31284 keV    e-  60.0938 keV    e+  59.2915 keV proton 3 keV
 Region(s) which use this couple : 
    Si10_2Reg

Index : 34     used in the geometry : Yes     recalculation needed : No 
 Material : G4_Si
 Range cuts        :  gamma  30 um     e-  30 um     e+  30 um  proton 30 um 
 Energy thresholds :  gamma  1.31284 keV    e-  60.0938 keV    e+  59.2915 keV proton 3 keV
 Region(s) which use this couple : 
    Si11_0Reg

Index : 35     used in the geometry : Yes     recalculation needed : No 
 Material : G4_Si
 Range cuts        :  gamma  30 um     e-  30 um     e+  30 um  proton 30 um 
 Energy thresholds :  gamma  1.31284 keV    e-  60.0938 keV    e+  59.2915 keV proton 3 keV
 Region(s) which use this couple : 
    Si11_1Reg

Index : 36     used in the geometry : Yes     recalculation needed : No 
 Material : G4_Si
 Range cuts        :  gamma  30 um     e-  30 um     e+  30 um  proton 30 um 
 Energy thresholds :  gamma  1.31284 keV    e-  60.0938 keV    e+  59.2915 keV proton 3 keV
 Region(s) which use this couple : 
    Si11_2Reg

Index : 37     used in the geometry : Yes     recalculation needed : No 
 Material : G4_Si
 Range cuts        :  gamma  30 um     e-  30 um     e+  30 um  proton 30 um 
 Energy thresholds :  gamma  1.31284 keV    e-  60.0938 keV    e+  59.2915 keV proton 3 keV
 Region(s) which use this couple : 
    Si12_0Reg

Index : 38     used in the geometry : Yes     recalculation needed : No 
 Material : G4_Si
 Range cuts        :  gamma  30 um     e-  30 um     e+  30 um  proton 30 um 
 Energy thresholds :  gamma  1.31284 keV    e-  60.0938 keV    e+  59.2915 keV proton 3 keV
 Region(s) which use this couple : 
    Si12_1Reg

Index : 39     used in the geometry : Yes     recalculation needed : No 
 Material : G4_Si
 Range cuts        :  gamma  30 um     e-  30 um     e+  30 um  proton 30 um 
 Energy thresholds :  gamma  1.31284 keV    e-  60.0938 keV    e+  59.2915 keV proton 3 keV
 Region(s) which use this couple : 
    Si12_2Reg

Index : 40     used in the geometry : Yes     recalculation needed : No 
 Material : G4_Si
 Range cuts        :  gamma  30 um     e-  30 um     e+  30 um  proton 30 um 
 Energy thresholds :  gamma  1.31284 keV    e-  60.0938 keV    e+  59.2915 keV proton 3 keV
 Region(s) which use this couple : 
    Si13_0Reg

Index : 41     used in the geometry : Yes     recalculation needed : No 
 Material : G4_Si
 Range cuts        :  gamma  30 um     e-  30 um     e+  30 um  proton 30 um 
 Energy thresholds :  gamma  1.31284 keV    e-  60.0938 keV    e+  59.2915 keV proton 3 keV
 Region(s) which use this couple : 
    Si13_1Reg

Index : 42     used in the geometry : Yes     recalculation needed : No 
 Material : G4_Si
 Range cuts        :  gamma  30 um     e-  30 um     e+  30 um  proton 30 um 
 Energy thresholds :  gamma  1.31284 keV    e-  60.0938 keV    e+  59.2915 keV proton 3 keV
 Region(s) which use this couple : 
    Si13_2Reg

Index : 43     used in the geometry : Yes     recalculation needed : No 
 Material : G4_Si
 Range cuts        :  gamma  30 um     e-  30 um     e+  30 um  proton 30 um 
 Energy thresholds :  gamma  1.31284 keV    e-  60.0938 keV    e+  59.2915 keV proton 3 keV
 Region(s) which use this couple : 
    Si14_0Reg

Index : 44     used in the geometry : Yes     recalculation needed : No 
 Material : G4_Si
 Range cuts        :  gamma  30 um     e-  30 um     e+  30 um  proton 30 um 
 Energy thresholds :  gamma  1.31284 keV    e-  60.0938 keV    e+  59.2915 keV proton 3 keV
 Region(s) which use this couple : 
    Si14_1Reg

Index : 45     used in the geometry : Yes     recalculation needed : No 
 Material : G4_Si
 Range cuts        :  gamma  30 um     e-  30 um     e+  30 um  proton 30 um 
 Energy thresholds :  gamma  1.31284 keV    e-  60.0938 keV    e+  59.2915 keV proton 3 keV
 Region(s) which use this couple : 
    Si14_2Reg

Index : 46     used in the geometry : Yes     recalculation needed : No 
 Material : G4_Si
 Range cuts        :  gamma  30 um     e-  30 um     e+  30 um  proton 30 um 
 Energy thresholds :  gamma  1.31284 keV    e-  60.0938 keV    e+  59.2915 keV proton 3 keV
 Region(s) which use this couple : 
    Si15_0Reg

Index : 47     used in the geometry : Yes     recalculation needed : No 
 Material : G4_Si
 Range cuts        :  gamma  30 um     e-  30 um     e+  30 um  proton 30 um 
 Energy thresholds :  gamma  1.31284 keV    e-  60.0938 keV    e+  59.2915 keV proton 3 keV
 Region(s) which use this couple : 
    Si15_1Reg

Index : 48     used in the geometry : Yes     recalculation needed : No 
 Material : G4_Si
 Range cuts        :  gamma  30 um     e-  30 um     e+  30 um  proton 30 um 
 Energy thresholds :  gamma  1.31284 keV    e-  60.0938 keV    e+  59.2915 keV proton 3 keV
 Region(s) which use this couple : 
    Si15_2Reg

Index : 49     used in the geometry : Yes     recalculation needed : No 
 Material : G4_Si
 Range cuts        :  gamma  30 um     e-  30 um     e+  30 um  proton 30 um 
 Energy thresholds :  gamma  1.31284 keV    e-  60.0938 keV    e+  59.2915 keV proton 3 keV
 Region(s) which use this couple : 
    Si16_0Reg

Index : 50     used in the geometry : Yes     recalculation needed : No 
 Material : G4_Si
 Range cuts        :  gamma  30 um     e-  30 um     e+  30 um  proton 30 um 
 Energy thresholds :  gamma  1.31284 keV    e-  60.0938 keV    e+  59.2915 keV proton 3 keV
 Region(s) which use this couple : 
    Si16_1Reg

Index : 51     used in the geometry : Yes     recalculation needed : No 
 Material : G4_Si
 Range cuts        :  gamma  30 um     e-  30 um     e+  30 um  proton 30 um 
 Energy thresholds :  gamma  1.31284 keV    e-  60.0938 keV    e+  59.2915 keV proton 3 keV
 Region(s) which use this couple : 
    Si16_2Reg

Index : 52     used in the geometry : Yes     recalculation needed : No 
 Material : G4_Si
 Range cuts        :  gamma  30 um     e-  30 um     e+  30 um  proton 30 um 
 Energy thresholds :  gamma  1.31284 keV    e-  60.0938 keV    e+  59.2915 keV proton 3 keV
 Region(s) which use this couple : 
    Si17_0Reg

Index : 53     used in the geometry : Yes     recalculation needed : No 
 Material : G4_Si
 Range cuts        :  gamma  30 um     e-  30 um     e+  30 um  proton 30 um 
 Energy thresholds :  gamma  1.31284 keV    e-  60.0938 keV    e+  59.2915 keV proton 3 keV
 Region(s) which use this couple : 
    Si17_1Reg

Index : 54     used in the geometry : Yes     recalculation needed : No 
 Material : G4_Si
 Range cuts        :  gamma  30 um     e-  30 um     e+  30 um  proton 30 um 
 Energy thresholds :  gamma  1.31284 keV    e-  60.0938 keV    e+  59.2915 keV proton 3 keV
 Region(s) which use this couple : 
    Si17_2Reg

Index : 55     used in the geometry : Yes     recalculation needed : No 
 Material : G4_Si
 Range cuts        :  gamma  30 um     e-  30 um     e+  30 um  proton 30 um 
 Energy thresholds :  gamma  1.31284 keV    e-  60.0938 keV    e+  59.2915 keV proton 3 keV
 Region(s) which use this couple : 
    Si18_0Reg

Index : 56     used in the geometry : Yes     recalculation needed : No 
 Material : G4_Si
 Range cuts        :  gamma  30 um     e-  30 um     e+  30 um  proton 30 um 
 Energy thresholds :  gamma  1.31284 keV    e-  60.0938 keV    e+  59.2915 keV proton 3 keV
 Region(s) which use this couple : 
    Si18_1Reg

Index : 57     used in the geometry : Yes     recalculation needed : No 
 Material : G4_Si
 Range cuts        :  gamma  30 um     e-  30 um     e+  30 um  proton 30 um 
 Energy thresholds :  gamma  1.31284 keV    e-  60.0938 keV    e+  59.2915 keV proton 3 keV
 Region(s) which use this couple : 
    Si18_2Reg

Index : 58     used in the geometry : Yes     recalculation needed : No 
 Material : G4_Si
 Range cuts        :  gamma  30 um     e-  30 um     e+  30 um  proton 30 um 
 Energy thresholds :  gamma  1.31284 keV    e-  60.0938 keV    e+  59.2915 keV proton 3 keV
 Region(s) which use this couple : 
    Si19_0Reg

Index : 59     used in the geometry : Yes     recalculation needed : No 
 Material : G4_Si
 Range cuts        :  gamma  30 um     e-  30 um     e+  30 um  proton 30 um 
 Energy thresholds :  gamma  1.31284 keV    e-  60.0938 keV    e+  59.2915 keV proton 3 keV
 Region(s) which use this couple : 
    Si19_1Reg

Index : 60     used in the geometry : Yes     recalculation needed : No 
 Material : G4_Si
 Range cuts        :  gamma  30 um     e-  30 um     e+  30 um  proton 30 um 
 Energy thresholds :  gamma  1.31284 keV    e-  60.0938 keV    e+  59.2915 keV proton 3 keV
 Region(s) which use this couple : 
    Si19_2Reg

Index : 61     used in the geometry : Yes     recalculation needed : No 
 Material : G4_Si
 Range cuts        :  gamma  30 um     e-  30 um     e+  30 um  proton 30 um 
 Energy thresholds :  gamma  1.31284 keV    e-  60.0938 keV    e+  59.2915 keV proton 3 keV
 Region(s) which use this couple : 
    Si20_0Reg

Index : 62     used in the geometry : Yes     recalculation needed : No 
 Material : G4_Si
 Range cuts        :  gamma  30 um     e-  30 um     e+  30 um  proton 30 um 
 Energy thresholds :  gamma  1.31284 keV    e-  60.0938 keV    e+  59.2915 keV proton 3 keV
 Region(s) which use this couple : 
    Si20_1Reg

Index : 63     used in the geometry : Yes     recalculation needed : No 
 Material : G4_Si
 Range cuts        :  gamma  30 um     e-  30 um     e+  30 um  proton 30 um 
 Energy thresholds :  gamma  1.31284 keV    e-  60.0938 keV    e+  59.2915 keV proton 3 keV
 Region(s) which use this couple : 
    Si20_2Reg

Index : 64     used in the geometry : Yes     recalculation needed : No 
 Material : G4_Si
 Range cuts        :  gamma  30 um     e-  30 um     e+  30 um  proton 30 um 
 Energy thresholds :  gamma  1.31284 keV    e-  60.0938 keV    e+  59.2915 keV proton 3 keV
 Region(s) which use this couple : 
    Si21_0Reg

Index : 65     used in the geometry : Yes     recalculation needed : No 
 Material : G4_Si
 Range cuts        :  gamma  30 um     e-  30 um     e+  30 um  proton 30 um 
 Energy thresholds :  gamma  1.31284 keV    e-  60.0938 keV    e+  59.2915 keV proton 3 keV
 Region(s) which use this couple : 
    Si21_1Reg

Index : 66     used in the geometry : Yes     recalculation needed : No 
 Material : G4_Si
 Range cuts        :  gamma  30 um     e-  30 um     e+  30 um  proton 30 um 
 Energy thresholds :  gamma  1.31284 keV    e-  60.0938 keV    e+  59.2915 keV proton 3 keV
 Region(s) which use this couple : 
    Si21_2Reg

Index : 67     used in the geometry : Yes     recalculation needed : No 
 Material : G4_Si
 Range cuts        :  gamma  30 um     e-  30 um     e+  30 um  proton 30 um 
 Energy thresholds :  gamma  1.31284 keV    e-  60.0938 keV    e+  59.2915 keV proton 3 keV
 Region(s) which use this couple : 
    Si22_0Reg

Index : 68     used in the geometry : Yes     recalculation needed : No 
 Material : G4_Si
 Range cuts        :  gamma  30 um     e-  30 um     e+  30 um  proton 30 um 
 Energy thresholds :  gamma  1.31284 keV    e-  60.0938 keV    e+  59.2915 keV proton 3 keV
 Region(s) which use this couple : 
    Si22_1Reg

Index : 69     used in the geometry : Yes     recalculation needed : No 
 Material : G4_Si
 Range cuts        :  gamma  30 um     e-  30 um     e+  30 um  proton 30 um 
 Energy thresholds :  gamma  1.31284 keV    e-  60.0938 keV    e+  59.2915 keV proton 3 keV
 Region(s) which use this couple : 
    Si22_2Reg

Index : 70     used in the geometry : Yes     recalculation needed : No 
 Material : G4_Si
 Range cuts        :  gamma  30 um     e-  30 um     e+  30 um  proton 30 um 
 Energy thresholds :  gamma  1.31284 keV    e-  60.0938 keV    e+  59.2915 keV proton 3 keV
 Region(s) which use this couple : 
    Si23_0Reg

Index : 71     used in the geometry : Yes     recalculation needed : No 
 Material : G4_Si
 Range cuts        :  gamma  30 um     e-  30 um     e+  30 um  proton 30 um 
 Energy thresholds :  gamma  1.31284 keV    e-  60.0938 keV    e+  59.2915 keV proton 3 keV
 Region(s) which use this couple : 
    Si23_1Reg

Index : 72     used in the geometry : Yes     recalculation needed : No 
 Material : G4_Si
 Range cuts        :  gamma  30 um     e-  30 um     e+  30 um  proton 30 um 
 Energy thresholds :  gamma  1.31284 keV    e-  60.0938 keV    e+  59.2915 keV proton 3 keV
 Region(s) which use this couple : 
    Si23_2Reg

Index : 73     used in the geometry : Yes     recalculation needed : No 
 Material : G4_Si
 Range cuts        :  gamma  30 um     e-  30 um     e+  30 um  proton 30 um 
 Energy thresholds :  gamma  1.31284 keV    e-  60.0938 keV    e+  59.2915 keV proton 3 keV
 Region(s) which use this couple : 
    Si24_0Reg

Index : 74     used in the geometry : Yes     recalculation needed : No 
 Material : G4_Si
 Range cuts        :  gamma  30 um     e-  30 um     e+  30 um  proton 30 um 
 Energy thresholds :  gamma  1.31284 keV    e-  60.0938 keV    e+  59.2915 keV proton 3 keV
 Region(s) which use this couple : 
    Si24_1Reg

Index : 75     used in the geometry : Yes     recalculation needed : No 
 Material : G4_Si
 Range cuts        :  gamma  30 um     e-  30 um     e+  30 um  proton 30 um 
 Energy thresholds :  gamma  1.31284 keV    e-  60.0938 keV    e+  59.2915 keV proton 3 keV
 Region(s) which use this couple : 
    Si24_2Reg

Index : 76     used in the geometry : Yes     recalculation needed : No 
 Material : G4_Si
 Range cuts        :  gamma  30 um     e-  30 um     e+  30 um  proton 30 um 
 Energy thresholds :  gamma  1.31284 keV    e-  60.0938 keV    e+  59.2915 keV proton 3 keV
 Region(s) which use this couple : 
    Si25_0Reg

Index : 77     used in the geometry : Yes     recalculation needed : No 
 Material : G4_Si
 Range cuts        :  gamma  30 um     e-  30 um     e+  30 um  proton 30 um 
 Energy thresholds :  gamma  1.31284 keV    e-  60.0938 keV    e+  59.2915 keV proton 3 keV
 Region(s) which use this couple : 
    Si25_1Reg

Index : 78     used in the geometry : Yes     recalculation needed : No 
 Material : G4_Si
 Range cuts        :  gamma  30 um     e-  30 um     e+  30 um  proton 30 um 
 Energy thresholds :  gamma  1.31284 keV    e-  60.0938 keV    e+  59.2915 keV proton 3 keV
 Region(s) which use this couple : 
    Si25_2Reg

Index : 79     used in the geometry : Yes     recalculation needed : No 
 Material : G4_Si
 Range cuts        :  gamma  30 um     e-  30 um     e+  30 um  proton 30 um 
 Energy thresholds :  gamma  1.31284 keV    e-  60.0938 keV    e+  59.2915 keV proton 3 keV
 Region(s) which use this couple : 
    Si26_0Reg

Index : 80     used in the geometry : Yes     recalculation needed : No 
 Material : G4_Si
 Range cuts        :  gamma  30 um     e-  30 um     e+  30 um  proton 30 um 
 Energy thresholds :  gamma  1.31284 keV    e-  60.0938 keV    e+  59.2915 keV proton 3 keV
 Region(s) which use this couple : 
    Si26_1Reg

Index : 81     used in the geometry : Yes     recalculation needed : No 
 Material : G4_Si
 Range cuts        :  gamma  30 um     e-  30 um     e+  30 um  proton 30 um 
 Energy thresholds :  gamma  1.31284 keV    e-  60.0938 keV    e+  59.2915 keV proton 3 keV
 Region(s) which use this couple : 
    Si26_2Reg

Index : 82     used in the geometry : Yes     recalculation needed : No 
 Material : G4_Si
 Range cuts        :  gamma  30 um     e-  30 um     e+  30 um  proton 30 um 
 Energy thresholds :  gamma  1.31284 keV    e-  60.0938 keV    e+  59.2915 keV proton 3 keV
 Region(s) which use this couple : 
    Si27_0Reg

Index : 83     used in the geometry : Yes     recalculation needed : No 
 Material : G4_Si
 Range cuts        :  gamma  30 um     e-  30 um     e+  30 um  proton 30 um 
 Energy thresholds :  gamma  1.31284 keV    e-  60.0938 keV    e+  59.2915 keV proton 3 keV
 Region(s) which use this couple : 
    Si27_1Reg

Index : 84     used in the geometry : Yes     recalculation needed : No 
 Material : G4_Si
 Range cuts        :  gamma  30 um     e-  30 um     e+  30 um  proton 30 um 
 Energy thresholds :  gamma  1.31284 keV    e-  60.0938 keV    e+  59.2915 keV proton 3 keV
 Region(s) which use this couple : 
    Si27_2Reg

====================================================================

### Run 0 start.
 -- Gun position set to: -13.4887,-1.09394,-269.143

---> Begin of event: 0

--------- Ranecu engine status ---------
 Initial seed (index) = 0
 Current couple of seeds = 950192550, 99272249
----------------------------------------
In GetFieldValue
B-field vector address: 0x7fff62e0e2d0
x = 0; y = 0; z = -269.143
x = 1; y = 6.95323e-310; z = 6.91815e-310
bx = 0; by = 0; bz = 0
In GetFieldValue
B-field vector address: 0x7fff62e0de50
x = 0; y = 0; z = -266.858
x = 6.91815e-310; y = 6.91815e-310; z = 0
bx = 0; by = 0; bz = 0
In GetFieldValue
B-field vector address: 0x7fff62e0de50
x = 0; y = 0; z = -266.858
x = 0; y = 0; z = 0
bx = 0; by = 0; bz = 0
In GetFieldValue
B-field vector address: 0x7fff62e0de50
x = 0; y = 0; z = -264.574
x = 0; y = 0; z = 0
bx = 0; by = 0; bz = 0
In GetFieldValue
B-field vector address: 0x7fff62e0df70
x = 0; y = 0; z = -264.574
x = 8.48798e-314; y = 1.90354e+185; z = 6.91816e-310
bx = 0; by = 0; bz = 0
In GetFieldValue
B-field vector address: 0x7fff62e0de50
x = 0; y = 0; z = -262.29
x = 2.02429e-316; y = 6.91816e-310; z = 0
bx = 0; by = 0; bz = 0
In GetFieldValue
B-field vector address: 0x7fff62e0de50
x = 0; y = 0; z = -262.29
x = 0; y = 0; z = 0
bx = 0; by = 0; bz = 0
In GetFieldValue
B-field vector address: 0x7fff62e0de50
x = 0; y = 0; z = -260.006
x = 0; y = 0; z = 0
bx = 0; by = 0; bz = 0
In GetFieldValue
B-field vector address: 0x7fff62e0de50
x = 0; y = 0; z = -264.574
x = 0; y = 0; z = 0
bx = 0; by = 0; bz = 0
In GetFieldValue
B-field vector address: 0x7fff62e0de50
x = 0; y = 0; z = -264.574
x = 0; y = 0; z = 0
bx = 0; by = 0; bz = 0
In GetFieldValue
B-field vector address: 0x7fff62e0de50
x = 0; y = 0; z = -260.006
x = 0; y = 0; z = 0
bx = 0; by = 0; bz = 0
WARNING - Attempt to delete the solid store while geometry closed !
WARNING - Attempt to delete the logical volume store while geometry closed !
WARNING - Attempt to delete the physical volume store while geometry closed !
WARNING - Attempt to delete the region store while geometry closed !
--Local directory is  /afs/cern.ch/user/n/nmorrow/HGCAL_LDMX/PFCalEE
b18d36.dat
compile.sh
currentEvent.rndm
currentEvent.rndm~
currentEvent.rndm.orig
currentRun.rndm
eosenv.sh
g4env4lpc.csh
g4env4lpc.sh
g4env.sh
G4History.macro
g4.log
g4steer.mac
g4steer.mac~
g4steer.mac.orig
GNUmakefile
gui.mac
HGcal__version1_model2.root
HGcal__version1_model6.root
HGcal__version6_model2.root
icons.mac
PFCalEE.cc
README.md
runWithPU.sh
submitProdLPC.py
submitProd.py
submitProdUMN.py
submitRunHEPMC.py
submitRun.py
VERSIONS
vis.mac

analysis:
data
include
macros
makefile
README.md
runAllFill.sh
runCheck.sh
runDigiForAll.sh
scripts
src
submitDigi.py
submitEGReso.py
submitHiggs.py
submitNabove.py
submitPuMixing.py
test

data:
SLAC.4GeV.W.mchi.0.01.map.0.01.alpha0.1.fermionDM_unweighted_events.csv
SLAC.4GeV.W.mchi.0.01.map.0.025.alpha0.1.fermionDM_unweighted_events.csv
SLAC.4GeV.W.mchi.0.01.map.0.1.alpha0.1.fermionDM_unweighted_events.csv
SLAC.4GeV.W.mchi.0.01.map.0.2.alpha0.1.fermionDM_unweighted_events.csv

generators:
myGenerator.py

git_hexaV02-01-01:
version_1

include:
DetectorConstruction.hh
DetectorMessenger.hh
EventAction.hh
EventActionMessenger.hh
HepMCG4AsciiReader.hh
HepMCG4AsciiReaderMessenger.hh
HepMCG4Interface.hh
HepMCG4PythiaInterface.hh
HepMCG4PythiaMessenger.hh
LHEPrimaryGeneratorAction.hh
LHEPrimaryGeneratorMessenger.hh
PhysicsList.hh
PrimaryGeneratorAction.hh
PrimaryGeneratorMessenger.hh
PurgMagTabulatedField3D.hh
RunAction.hh
SamplingSection.hh
SteppingAction.hh
SteppingVerbose.hh

neutron_events:
myFile1.lhe
myFile.lhe

src:
DetectorConstruction.cc
DetectorMessenger.cc
EventAction.cc
EventActionMessenger.cc
HEPEvtcom.cc
HepMCG4AsciiReader.cc
HepMCG4AsciiReaderMessenger.cc
HepMCG4Interface.cc
HepMCG4PythiaInterface.cc
HepMCG4PythiaMessenger.cc
LHEPrimaryGeneratorAction.cc
LHEPrimaryGeneratorMessenger.cc
PhysicsList.cc
PrimaryGeneratorAction.cc
PrimaryGeneratorMessenger.cc
PurgMagTabulatedField3D.cc
RunAction.cc
SamplingSection.cc
SteppingAction.cc
SteppingVerbose.cc

userlib:
bin
include
lib
makefile
obj
README.md
src
submitAnalyze.py
submitAnalyze.py~
submitAnalyze.py.orig
submitDigi4LPC.py
submitDigi.py
submitDigi.py~
submitDigi.py.orig
test
